[2.734s] Invoking command in '/home/ignacio/examen1_ws/build/pubsub': PYTHONPATH=/home/ignacio/examen1_ws/build/pubsub/prefix_override:/usr/lib/python3/dist-packages/colcon_core/task/python/colcon_distutils_commands:/home/ignacio/examen1_ws/install/pubsub/lib/python3.10/site-packages:${PYTHONPATH} /usr/bin/python3 -W ignore:setup.py install is deprecated -W ignore:easy_install command is deprecated setup.py develop --editable --build-directory /home/ignacio/examen1_ws/build/pubsub/build --no-deps symlink_data
[3.457s] running develop
[3.849s] running egg_info
[3.852s] creating pubsub.egg-info
[3.852s] writing pubsub.egg-info/PKG-INFO
[3.852s] writing dependency_links to pubsub.egg-info/dependency_links.txt
[3.852s] writing entry points to pubsub.egg-info/entry_points.txt
[3.852s] writing requirements to pubsub.egg-info/requires.txt
[3.853s] writing top-level names to pubsub.egg-info/top_level.txt
[3.853s] writing manifest file 'pubsub.egg-info/SOURCES.txt'
[3.859s] reading manifest file 'pubsub.egg-info/SOURCES.txt'
[3.864s] writing manifest file 'pubsub.egg-info/SOURCES.txt'
[3.867s] running build_ext
[3.867s] Creating /home/ignacio/examen1_ws/install/pubsub/lib/python3.10/site-packages/pubsub.egg-link (link to .)
[3.869s] Installing pub script to /home/ignacio/examen1_ws/install/pubsub/lib/pubsub
[3.869s] Installing sub script to /home/ignacio/examen1_ws/install/pubsub/lib/pubsub
[3.870s] 
[3.870s] Installed /home/ignacio/examen1_ws/build/pubsub
[3.870s] running symlink_data
[3.874s] creating /home/ignacio/examen1_ws/install/pubsub/share/ament_index
[3.874s] creating /home/ignacio/examen1_ws/install/pubsub/share/ament_index/resource_index
[3.874s] creating /home/ignacio/examen1_ws/install/pubsub/share/ament_index/resource_index/packages
[3.875s] symbolically linking /home/ignacio/examen1_ws/build/pubsub/resource/pubsub -> /home/ignacio/examen1_ws/install/pubsub/share/ament_index/resource_index/packages
[3.875s] symbolically linking /home/ignacio/examen1_ws/build/pubsub/package.xml -> /home/ignacio/examen1_ws/install/pubsub/share/pubsub
[4.008s] Invoked command in '/home/ignacio/examen1_ws/build/pubsub' returned '0': PYTHONPATH=/home/ignacio/examen1_ws/build/pubsub/prefix_override:/usr/lib/python3/dist-packages/colcon_core/task/python/colcon_distutils_commands:/home/ignacio/examen1_ws/install/pubsub/lib/python3.10/site-packages:${PYTHONPATH} /usr/bin/python3 -W ignore:setup.py install is deprecated -W ignore:easy_install command is deprecated setup.py develop --editable --build-directory /home/ignacio/examen1_ws/build/pubsub/build --no-deps symlink_data
