[0.205s] DEBUG:colcon:Command line arguments: ['/usr/bin/colcon', 'build', '--symlink-install']
[0.206s] DEBUG:colcon:Parsed command line arguments: Namespace(log_base=None, log_level=None, verb_name='build', build_base='build', install_base='install', merge_install=False, symlink_install=True, test_result_base=None, continue_on_error=False, executor='parallel', parallel_workers=4, event_handlers=None, ignore_user_meta=False, metas=['./colcon.meta'], base_paths=['.'], packages_ignore=None, packages_ignore_regex=None, paths=None, packages_up_to=None, packages_up_to_regex=None, packages_above=None, packages_above_and_dependencies=None, packages_above_depth=None, packages_select_by_dep=None, packages_skip_by_dep=None, packages_skip_up_to=None, packages_select_build_failed=False, packages_skip_build_finished=False, packages_select_test_failures=False, packages_skip_test_passed=False, packages_select=None, packages_skip=None, packages_select_regex=None, packages_skip_regex=None, packages_start=None, packages_end=None, allow_overriding=[], cmake_args=None, cmake_target=None, cmake_target_skip_unavailable=False, cmake_clean_cache=False, cmake_clean_first=False, cmake_force_configure=False, ament_cmake_args=None, catkin_cmake_args=None, catkin_skip_building_tests=False, verb_parser=<colcon_defaults.argument_parser.defaults.DefaultArgumentsDecorator object at 0x7bc0a722e8c0>, verb_extension=<colcon_core.verb.build.BuildVerb object at 0x7bc0a722d8a0>, main=<bound method BuildVerb.main of <colcon_core.verb.build.BuildVerb object at 0x7bc0a722d8a0>>)
[3.844s] Level 1:colcon.colcon_core.package_discovery:discover_packages(colcon_meta) check parameters
[3.844s] Level 1:colcon.colcon_core.package_discovery:discover_packages(recursive) check parameters
[3.844s] Level 1:colcon.colcon_core.package_discovery:discover_packages(ignore) check parameters
[3.844s] Level 1:colcon.colcon_core.package_discovery:discover_packages(path) check parameters
[3.844s] Level 1:colcon.colcon_core.package_discovery:discover_packages(colcon_meta) discover
[3.844s] Level 1:colcon.colcon_core.package_discovery:discover_packages(recursive) discover
[3.845s] INFO:colcon.colcon_core.package_discovery:Crawling recursively for packages in '/home/ignacio/examen1_ws'
[3.845s] Level 1:colcon.colcon_core.package_identification:_identify(.) by extensions ['ignore', 'ignore_ament_install']
[3.845s] Level 1:colcon.colcon_core.package_identification:_identify(.) by extension 'ignore'
[3.846s] Level 1:colcon.colcon_core.package_identification:_identify(.) by extension 'ignore_ament_install'
[3.846s] Level 1:colcon.colcon_core.package_identification:_identify(.) by extensions ['colcon_pkg']
[3.846s] Level 1:colcon.colcon_core.package_identification:_identify(.) by extension 'colcon_pkg'
[3.846s] Level 1:colcon.colcon_core.package_identification:_identify(.) by extensions ['colcon_meta']
[3.846s] Level 1:colcon.colcon_core.package_identification:_identify(.) by extension 'colcon_meta'
[3.846s] Level 1:colcon.colcon_core.package_identification:_identify(.) by extensions ['ros']
[3.846s] Level 1:colcon.colcon_core.package_identification:_identify(.) by extension 'ros'
[3.912s] Level 1:colcon.colcon_core.package_identification:_identify(.) by extensions ['cmake', 'python']
[3.913s] Level 1:colcon.colcon_core.package_identification:_identify(.) by extension 'cmake'
[3.913s] Level 1:colcon.colcon_core.package_identification:_identify(.) by extension 'python'
[3.913s] Level 1:colcon.colcon_core.package_identification:_identify(.) by extensions ['python_setup_py']
[3.913s] Level 1:colcon.colcon_core.package_identification:_identify(.) by extension 'python_setup_py'
[3.913s] Level 1:colcon.colcon_core.package_identification:_identify(build) by extensions ['ignore', 'ignore_ament_install']
[3.914s] Level 1:colcon.colcon_core.package_identification:_identify(build) by extension 'ignore'
[3.914s] Level 1:colcon.colcon_core.package_identification:_identify(build) ignored
[3.914s] Level 1:colcon.colcon_core.package_identification:_identify(install) by extensions ['ignore', 'ignore_ament_install']
[3.914s] Level 1:colcon.colcon_core.package_identification:_identify(install) by extension 'ignore'
[3.914s] Level 1:colcon.colcon_core.package_identification:_identify(install) ignored
[3.914s] Level 1:colcon.colcon_core.package_identification:_identify(log) by extensions ['ignore', 'ignore_ament_install']
[3.915s] Level 1:colcon.colcon_core.package_identification:_identify(log) by extension 'ignore'
[3.915s] Level 1:colcon.colcon_core.package_identification:_identify(log) ignored
[3.915s] Level 1:colcon.colcon_core.package_identification:_identify(src) by extensions ['ignore', 'ignore_ament_install']
[3.915s] Level 1:colcon.colcon_core.package_identification:_identify(src) by extension 'ignore'
[3.915s] Level 1:colcon.colcon_core.package_identification:_identify(src) by extension 'ignore_ament_install'
[3.915s] Level 1:colcon.colcon_core.package_identification:_identify(src) by extensions ['colcon_pkg']
[3.915s] Level 1:colcon.colcon_core.package_identification:_identify(src) by extension 'colcon_pkg'
[3.915s] Level 1:colcon.colcon_core.package_identification:_identify(src) by extensions ['colcon_meta']
[3.915s] Level 1:colcon.colcon_core.package_identification:_identify(src) by extension 'colcon_meta'
[3.915s] Level 1:colcon.colcon_core.package_identification:_identify(src) by extensions ['ros']
[3.915s] Level 1:colcon.colcon_core.package_identification:_identify(src) by extension 'ros'
[3.916s] Level 1:colcon.colcon_core.package_identification:_identify(src) by extensions ['cmake', 'python']
[3.916s] Level 1:colcon.colcon_core.package_identification:_identify(src) by extension 'cmake'
[3.916s] Level 1:colcon.colcon_core.package_identification:_identify(src) by extension 'python'
[3.916s] Level 1:colcon.colcon_core.package_identification:_identify(src) by extensions ['python_setup_py']
[3.916s] Level 1:colcon.colcon_core.package_identification:_identify(src) by extension 'python_setup_py'
[3.916s] Level 1:colcon.colcon_core.package_identification:_identify(src/interface) by extensions ['ignore', 'ignore_ament_install']
[3.916s] Level 1:colcon.colcon_core.package_identification:_identify(src/interface) by extension 'ignore'
[3.916s] Level 1:colcon.colcon_core.package_identification:_identify(src/interface) by extension 'ignore_ament_install'
[3.916s] Level 1:colcon.colcon_core.package_identification:_identify(src/interface) by extensions ['colcon_pkg']
[3.916s] Level 1:colcon.colcon_core.package_identification:_identify(src/interface) by extension 'colcon_pkg'
[3.917s] Level 1:colcon.colcon_core.package_identification:_identify(src/interface) by extensions ['colcon_meta']
[3.917s] Level 1:colcon.colcon_core.package_identification:_identify(src/interface) by extension 'colcon_meta'
[3.917s] Level 1:colcon.colcon_core.package_identification:_identify(src/interface) by extensions ['ros']
[3.917s] Level 1:colcon.colcon_core.package_identification:_identify(src/interface) by extension 'ros'
[3.931s] DEBUG:colcon.colcon_core.package_identification:Package 'src/interface' with type 'ros.ament_cmake' and name 'interface'
[3.932s] Level 1:colcon.colcon_core.package_identification:_identify(src/pubsub) by extensions ['ignore', 'ignore_ament_install']
[3.932s] Level 1:colcon.colcon_core.package_identification:_identify(src/pubsub) by extension 'ignore'
[3.932s] Level 1:colcon.colcon_core.package_identification:_identify(src/pubsub) by extension 'ignore_ament_install'
[3.932s] Level 1:colcon.colcon_core.package_identification:_identify(src/pubsub) by extensions ['colcon_pkg']
[3.932s] Level 1:colcon.colcon_core.package_identification:_identify(src/pubsub) by extension 'colcon_pkg'
[3.932s] Level 1:colcon.colcon_core.package_identification:_identify(src/pubsub) by extensions ['colcon_meta']
[3.932s] Level 1:colcon.colcon_core.package_identification:_identify(src/pubsub) by extension 'colcon_meta'
[3.933s] Level 1:colcon.colcon_core.package_identification:_identify(src/pubsub) by extensions ['ros']
[3.933s] Level 1:colcon.colcon_core.package_identification:_identify(src/pubsub) by extension 'ros'
[3.934s] DEBUG:colcon.colcon_core.package_identification:Package 'src/pubsub' with type 'ros.ament_python' and name 'pubsub'
[3.934s] Level 1:colcon.colcon_core.package_identification:_identify(src/servicios) by extensions ['ignore', 'ignore_ament_install']
[3.935s] Level 1:colcon.colcon_core.package_identification:_identify(src/servicios) by extension 'ignore'
[3.935s] Level 1:colcon.colcon_core.package_identification:_identify(src/servicios) by extension 'ignore_ament_install'
[3.935s] Level 1:colcon.colcon_core.package_identification:_identify(src/servicios) by extensions ['colcon_pkg']
[3.935s] Level 1:colcon.colcon_core.package_identification:_identify(src/servicios) by extension 'colcon_pkg'
[3.935s] Level 1:colcon.colcon_core.package_identification:_identify(src/servicios) by extensions ['colcon_meta']
[3.935s] Level 1:colcon.colcon_core.package_identification:_identify(src/servicios) by extension 'colcon_meta'
[3.935s] Level 1:colcon.colcon_core.package_identification:_identify(src/servicios) by extensions ['ros']
[3.935s] Level 1:colcon.colcon_core.package_identification:_identify(src/servicios) by extension 'ros'
[3.937s] DEBUG:colcon.colcon_core.package_identification:Package 'src/servicios' with type 'ros.ament_python' and name 'servicios'
[3.937s] Level 1:colcon.colcon_core.package_discovery:discover_packages(recursive) using defaults
[3.937s] Level 1:colcon.colcon_core.package_discovery:discover_packages(ignore) discover
[3.937s] Level 1:colcon.colcon_core.package_discovery:discover_packages(ignore) using defaults
[3.937s] Level 1:colcon.colcon_core.package_discovery:discover_packages(path) discover
[3.937s] Level 1:colcon.colcon_core.package_discovery:discover_packages(path) using defaults
[4.169s] Level 1:colcon.colcon_core.package_discovery:discover_packages(prefix_path) check parameters
[4.169s] Level 1:colcon.colcon_core.package_discovery:discover_packages(prefix_path) discover
[4.175s] DEBUG:colcon.colcon_installed_package_information.package_discovery:Found 310 installed packages in /opt/ros/humble
[4.218s] Level 1:colcon.colcon_core.package_discovery:discover_packages(prefix_path) using defaults
[4.317s] Level 5:colcon.colcon_core.verb:set package 'interface' build argument 'cmake_args' from command line to 'None'
[4.318s] Level 5:colcon.colcon_core.verb:set package 'interface' build argument 'cmake_target' from command line to 'None'
[4.318s] Level 5:colcon.colcon_core.verb:set package 'interface' build argument 'cmake_target_skip_unavailable' from command line to 'False'
[4.318s] Level 5:colcon.colcon_core.verb:set package 'interface' build argument 'cmake_clean_cache' from command line to 'False'
[4.318s] Level 5:colcon.colcon_core.verb:set package 'interface' build argument 'cmake_clean_first' from command line to 'False'
[4.318s] Level 5:colcon.colcon_core.verb:set package 'interface' build argument 'cmake_force_configure' from command line to 'False'
[4.318s] Level 5:colcon.colcon_core.verb:set package 'interface' build argument 'ament_cmake_args' from command line to 'None'
[4.318s] Level 5:colcon.colcon_core.verb:set package 'interface' build argument 'catkin_cmake_args' from command line to 'None'
[4.318s] Level 5:colcon.colcon_core.verb:set package 'interface' build argument 'catkin_skip_building_tests' from command line to 'False'
[4.318s] DEBUG:colcon.colcon_core.verb:Building package 'interface' with the following arguments: {'ament_cmake_args': None, 'build_base': '/home/ignacio/examen1_ws/build/interface', 'catkin_cmake_args': None, 'catkin_skip_building_tests': False, 'cmake_args': None, 'cmake_clean_cache': False, 'cmake_clean_first': False, 'cmake_force_configure': False, 'cmake_target': None, 'cmake_target_skip_unavailable': False, 'install_base': '/home/ignacio/examen1_ws/install/interface', 'merge_install': False, 'path': '/home/ignacio/examen1_ws/src/interface', 'symlink_install': True, 'test_result_base': None}
[4.319s] Level 5:colcon.colcon_core.verb:set package 'pubsub' build argument 'cmake_args' from command line to 'None'
[4.319s] Level 5:colcon.colcon_core.verb:set package 'pubsub' build argument 'cmake_target' from command line to 'None'
[4.319s] Level 5:colcon.colcon_core.verb:set package 'pubsub' build argument 'cmake_target_skip_unavailable' from command line to 'False'
[4.319s] Level 5:colcon.colcon_core.verb:set package 'pubsub' build argument 'cmake_clean_cache' from command line to 'False'
[4.319s] Level 5:colcon.colcon_core.verb:set package 'pubsub' build argument 'cmake_clean_first' from command line to 'False'
[4.319s] Level 5:colcon.colcon_core.verb:set package 'pubsub' build argument 'cmake_force_configure' from command line to 'False'
[4.319s] Level 5:colcon.colcon_core.verb:set package 'pubsub' build argument 'ament_cmake_args' from command line to 'None'
[4.319s] Level 5:colcon.colcon_core.verb:set package 'pubsub' build argument 'catkin_cmake_args' from command line to 'None'
[4.319s] Level 5:colcon.colcon_core.verb:set package 'pubsub' build argument 'catkin_skip_building_tests' from command line to 'False'
[4.319s] DEBUG:colcon.colcon_core.verb:Building package 'pubsub' with the following arguments: {'ament_cmake_args': None, 'build_base': '/home/ignacio/examen1_ws/build/pubsub', 'catkin_cmake_args': None, 'catkin_skip_building_tests': False, 'cmake_args': None, 'cmake_clean_cache': False, 'cmake_clean_first': False, 'cmake_force_configure': False, 'cmake_target': None, 'cmake_target_skip_unavailable': False, 'install_base': '/home/ignacio/examen1_ws/install/pubsub', 'merge_install': False, 'path': '/home/ignacio/examen1_ws/src/pubsub', 'symlink_install': True, 'test_result_base': None}
[4.320s] Level 5:colcon.colcon_core.verb:set package 'servicios' build argument 'cmake_args' from command line to 'None'
[4.320s] Level 5:colcon.colcon_core.verb:set package 'servicios' build argument 'cmake_target' from command line to 'None'
[4.320s] Level 5:colcon.colcon_core.verb:set package 'servicios' build argument 'cmake_target_skip_unavailable' from command line to 'False'
[4.320s] Level 5:colcon.colcon_core.verb:set package 'servicios' build argument 'cmake_clean_cache' from command line to 'False'
[4.320s] Level 5:colcon.colcon_core.verb:set package 'servicios' build argument 'cmake_clean_first' from command line to 'False'
[4.320s] Level 5:colcon.colcon_core.verb:set package 'servicios' build argument 'cmake_force_configure' from command line to 'False'
[4.320s] Level 5:colcon.colcon_core.verb:set package 'servicios' build argument 'ament_cmake_args' from command line to 'None'
[4.320s] Level 5:colcon.colcon_core.verb:set package 'servicios' build argument 'catkin_cmake_args' from command line to 'None'
[4.320s] Level 5:colcon.colcon_core.verb:set package 'servicios' build argument 'catkin_skip_building_tests' from command line to 'False'
[4.320s] DEBUG:colcon.colcon_core.verb:Building package 'servicios' with the following arguments: {'ament_cmake_args': None, 'build_base': '/home/ignacio/examen1_ws/build/servicios', 'catkin_cmake_args': None, 'catkin_skip_building_tests': False, 'cmake_args': None, 'cmake_clean_cache': False, 'cmake_clean_first': False, 'cmake_force_configure': False, 'cmake_target': None, 'cmake_target_skip_unavailable': False, 'install_base': '/home/ignacio/examen1_ws/install/servicios', 'merge_install': False, 'path': '/home/ignacio/examen1_ws/src/servicios', 'symlink_install': True, 'test_result_base': None}
[4.320s] INFO:colcon.colcon_core.executor:Executing jobs using 'parallel' executor
[4.323s] DEBUG:colcon.colcon_parallel_executor.executor.parallel:run_until_complete
[4.323s] INFO:colcon.colcon_ros.task.ament_cmake.build:Building ROS package in '/home/ignacio/examen1_ws/src/interface' with build type 'ament_cmake'
[4.324s] INFO:colcon.colcon_cmake.task.cmake.build:Building CMake package in '/home/ignacio/examen1_ws/src/interface'
[4.340s] INFO:colcon.colcon_core.plugin_system:Skipping extension 'colcon_core.shell.bat': Not used on non-Windows systems
[4.341s] INFO:colcon.colcon_core.shell:Skip shell extension 'powershell' for command environment: Not usable outside of PowerShell
[4.341s] DEBUG:colcon.colcon_core.shell:Skip shell extension 'dsv' for command environment
[4.356s] INFO:colcon.colcon_ros.task.ament_python.build:Building ROS package in '/home/ignacio/examen1_ws/src/pubsub' with build type 'ament_python'
[4.356s] Level 1:colcon.colcon_core.shell:create_environment_hook('pubsub', 'ament_prefix_path')
[4.357s] INFO:colcon.colcon_core.shell:Creating environment hook '/home/ignacio/examen1_ws/install/pubsub/share/pubsub/hook/ament_prefix_path.ps1'
[4.359s] INFO:colcon.colcon_core.shell:Creating environment descriptor '/home/ignacio/examen1_ws/install/pubsub/share/pubsub/hook/ament_prefix_path.dsv'
[4.361s] INFO:colcon.colcon_core.shell:Creating environment hook '/home/ignacio/examen1_ws/install/pubsub/share/pubsub/hook/ament_prefix_path.sh'
[4.363s] INFO:colcon.colcon_core.shell:Skip shell extension 'powershell' for command environment: Not usable outside of PowerShell
[4.363s] DEBUG:colcon.colcon_core.shell:Skip shell extension 'dsv' for command environment
[4.368s] INFO:colcon.colcon_ros.task.ament_python.build:Building ROS package in '/home/ignacio/examen1_ws/src/servicios' with build type 'ament_python'
[4.368s] Level 1:colcon.colcon_core.shell:create_environment_hook('servicios', 'ament_prefix_path')
[4.369s] INFO:colcon.colcon_core.shell:Creating environment hook '/home/ignacio/examen1_ws/install/servicios/share/servicios/hook/ament_prefix_path.ps1'
[4.371s] INFO:colcon.colcon_core.shell:Creating environment descriptor '/home/ignacio/examen1_ws/install/servicios/share/servicios/hook/ament_prefix_path.dsv'
[4.372s] INFO:colcon.colcon_core.shell:Creating environment hook '/home/ignacio/examen1_ws/install/servicios/share/servicios/hook/ament_prefix_path.sh'
[4.373s] INFO:colcon.colcon_core.shell:Skip shell extension 'powershell' for command environment: Not usable outside of PowerShell
[4.373s] DEBUG:colcon.colcon_core.shell:Skip shell extension 'dsv' for command environment
[4.387s] DEBUG:colcon.colcon_core.event_handler.log_command:Invoking command in '/home/ignacio/examen1_ws/build/interface': CMAKE_PREFIX_PATH=/opt/ros/humble /usr/bin/cmake /home/ignacio/examen1_ws/src/interface -DAMENT_CMAKE_SYMLINK_INSTALL=1 -DCMAKE_INSTALL_PREFIX=/home/ignacio/examen1_ws/install/interface
[4.966s] INFO:colcon.colcon_core.task.python.build:Building Python package in '/home/ignacio/examen1_ws/src/pubsub'
[4.966s] INFO:colcon.colcon_core.shell:Skip shell extension 'powershell' for command environment: Not usable outside of PowerShell
[4.966s] DEBUG:colcon.colcon_core.shell:Skip shell extension 'dsv' for command environment
[5.484s] INFO:colcon.colcon_core.task.python.build:Building Python package in '/home/ignacio/examen1_ws/src/servicios'
[5.485s] INFO:colcon.colcon_core.shell:Skip shell extension 'powershell' for command environment: Not usable outside of PowerShell
[5.485s] DEBUG:colcon.colcon_core.shell:Skip shell extension 'dsv' for command environment
[7.085s] DEBUG:colcon.colcon_core.event_handler.log_command:Invoking command in '/home/ignacio/examen1_ws/build/servicios': PYTHONPATH=/home/ignacio/examen1_ws/build/servicios/prefix_override:/usr/lib/python3/dist-packages/colcon_core/task/python/colcon_distutils_commands:/home/ignacio/examen1_ws/install/servicios/lib/python3.10/site-packages:${PYTHONPATH} /usr/bin/python3 -W ignore:setup.py install is deprecated -W ignore:easy_install command is deprecated setup.py develop --editable --build-directory /home/ignacio/examen1_ws/build/servicios/build --no-deps symlink_data
[7.091s] DEBUG:colcon.colcon_core.event_handler.log_command:Invoking command in '/home/ignacio/examen1_ws/build/pubsub': PYTHONPATH=/home/ignacio/examen1_ws/build/pubsub/prefix_override:/usr/lib/python3/dist-packages/colcon_core/task/python/colcon_distutils_commands:/home/ignacio/examen1_ws/install/pubsub/lib/python3.10/site-packages:${PYTHONPATH} /usr/bin/python3 -W ignore:setup.py install is deprecated -W ignore:easy_install command is deprecated setup.py develop --editable --build-directory /home/ignacio/examen1_ws/build/pubsub/build --no-deps symlink_data
[8.363s] Level 1:colcon.colcon_core.shell:create_environment_hook('pubsub', 'pythonpath_develop')
[8.364s] INFO:colcon.colcon_core.shell:Creating environment hook '/home/ignacio/examen1_ws/build/pubsub/share/pubsub/hook/pythonpath_develop.ps1'
[8.365s] DEBUG:colcon.colcon_core.event_handler.log_command:Invoked command in '/home/ignacio/examen1_ws/build/pubsub' returned '0': PYTHONPATH=/home/ignacio/examen1_ws/build/pubsub/prefix_override:/usr/lib/python3/dist-packages/colcon_core/task/python/colcon_distutils_commands:/home/ignacio/examen1_ws/install/pubsub/lib/python3.10/site-packages:${PYTHONPATH} /usr/bin/python3 -W ignore:setup.py install is deprecated -W ignore:easy_install command is deprecated setup.py develop --editable --build-directory /home/ignacio/examen1_ws/build/pubsub/build --no-deps symlink_data
[8.367s] INFO:colcon.colcon_core.shell:Creating environment descriptor '/home/ignacio/examen1_ws/build/pubsub/share/pubsub/hook/pythonpath_develop.dsv'
[8.368s] INFO:colcon.colcon_core.shell:Creating environment hook '/home/ignacio/examen1_ws/build/pubsub/share/pubsub/hook/pythonpath_develop.sh'
[8.436s] Level 1:colcon.colcon_core.environment:checking '/home/ignacio/examen1_ws/install/pubsub' for CMake module files
[8.437s] Level 1:colcon.colcon_core.environment:checking '/home/ignacio/examen1_ws/install/pubsub' for CMake config files
[8.438s] Level 1:colcon.colcon_core.environment:checking '/home/ignacio/examen1_ws/install/pubsub/lib'
[8.439s] Level 1:colcon.colcon_core.environment:checking '/home/ignacio/examen1_ws/install/pubsub/bin'
[8.439s] Level 1:colcon.colcon_core.environment:checking '/home/ignacio/examen1_ws/install/pubsub/lib/pkgconfig/pubsub.pc'
[8.439s] Level 1:colcon.colcon_core.environment:checking '/home/ignacio/examen1_ws/install/pubsub/lib/python3.10/site-packages'
[8.439s] Level 1:colcon.colcon_core.shell:create_environment_hook('pubsub', 'pythonpath')
[8.440s] INFO:colcon.colcon_core.shell:Creating environment hook '/home/ignacio/examen1_ws/install/pubsub/share/pubsub/hook/pythonpath.ps1'
[8.441s] INFO:colcon.colcon_core.shell:Creating environment descriptor '/home/ignacio/examen1_ws/install/pubsub/share/pubsub/hook/pythonpath.dsv'
[8.442s] INFO:colcon.colcon_core.shell:Creating environment hook '/home/ignacio/examen1_ws/install/pubsub/share/pubsub/hook/pythonpath.sh'
[8.443s] Level 1:colcon.colcon_core.environment:checking '/home/ignacio/examen1_ws/install/pubsub/bin'
[8.443s] Level 1:colcon.colcon_core.environment:create_environment_scripts_only(pubsub)
[8.444s] INFO:colcon.colcon_core.shell:Creating package script '/home/ignacio/examen1_ws/install/pubsub/share/pubsub/package.ps1'
[8.467s] INFO:colcon.colcon_core.shell:Creating package descriptor '/home/ignacio/examen1_ws/install/pubsub/share/pubsub/package.dsv'
[8.477s] INFO:colcon.colcon_core.shell:Creating package script '/home/ignacio/examen1_ws/install/pubsub/share/pubsub/package.sh'
[8.480s] INFO:colcon.colcon_core.shell:Creating package script '/home/ignacio/examen1_ws/install/pubsub/share/pubsub/package.bash'
[8.484s] INFO:colcon.colcon_core.shell:Creating package script '/home/ignacio/examen1_ws/install/pubsub/share/pubsub/package.zsh'
[8.504s] Level 1:colcon.colcon_core.environment:create_file_with_runtime_dependencies(/home/ignacio/examen1_ws/install/pubsub/share/colcon-core/packages/pubsub)
[8.508s] Level 1:colcon.colcon_core.shell:create_environment_hook('servicios', 'pythonpath_develop')
[8.509s] INFO:colcon.colcon_core.shell:Creating environment hook '/home/ignacio/examen1_ws/build/servicios/share/servicios/hook/pythonpath_develop.ps1'
[8.513s] DEBUG:colcon.colcon_core.event_handler.log_command:Invoked command in '/home/ignacio/examen1_ws/build/servicios' returned '0': PYTHONPATH=/home/ignacio/examen1_ws/build/servicios/prefix_override:/usr/lib/python3/dist-packages/colcon_core/task/python/colcon_distutils_commands:/home/ignacio/examen1_ws/install/servicios/lib/python3.10/site-packages:${PYTHONPATH} /usr/bin/python3 -W ignore:setup.py install is deprecated -W ignore:easy_install command is deprecated setup.py develop --editable --build-directory /home/ignacio/examen1_ws/build/servicios/build --no-deps symlink_data
[8.515s] INFO:colcon.colcon_core.shell:Creating environment descriptor '/home/ignacio/examen1_ws/build/servicios/share/servicios/hook/pythonpath_develop.dsv'
[8.518s] INFO:colcon.colcon_core.shell:Creating environment hook '/home/ignacio/examen1_ws/build/servicios/share/servicios/hook/pythonpath_develop.sh'
[8.520s] Level 1:colcon.colcon_core.environment:checking '/home/ignacio/examen1_ws/install/servicios' for CMake module files
[8.523s] Level 1:colcon.colcon_core.environment:checking '/home/ignacio/examen1_ws/install/servicios' for CMake config files
[8.527s] Level 1:colcon.colcon_core.environment:checking '/home/ignacio/examen1_ws/install/servicios/lib'
[8.527s] Level 1:colcon.colcon_core.environment:checking '/home/ignacio/examen1_ws/install/servicios/bin'
[8.527s] Level 1:colcon.colcon_core.environment:checking '/home/ignacio/examen1_ws/install/servicios/lib/pkgconfig/servicios.pc'
[8.529s] Level 1:colcon.colcon_core.environment:checking '/home/ignacio/examen1_ws/install/servicios/lib/python3.10/site-packages'
[8.530s] Level 1:colcon.colcon_core.shell:create_environment_hook('servicios', 'pythonpath')
[8.531s] INFO:colcon.colcon_core.shell:Creating environment hook '/home/ignacio/examen1_ws/install/servicios/share/servicios/hook/pythonpath.ps1'
[8.533s] INFO:colcon.colcon_core.shell:Creating environment descriptor '/home/ignacio/examen1_ws/install/servicios/share/servicios/hook/pythonpath.dsv'
[8.534s] INFO:colcon.colcon_core.shell:Creating environment hook '/home/ignacio/examen1_ws/install/servicios/share/servicios/hook/pythonpath.sh'
[8.535s] Level 1:colcon.colcon_core.environment:checking '/home/ignacio/examen1_ws/install/servicios/bin'
[8.536s] Level 1:colcon.colcon_core.environment:create_environment_scripts_only(servicios)
[8.536s] INFO:colcon.colcon_core.shell:Creating package script '/home/ignacio/examen1_ws/install/servicios/share/servicios/package.ps1'
[8.538s] INFO:colcon.colcon_core.shell:Creating package descriptor '/home/ignacio/examen1_ws/install/servicios/share/servicios/package.dsv'
[8.538s] INFO:colcon.colcon_core.shell:Creating package script '/home/ignacio/examen1_ws/install/servicios/share/servicios/package.sh'
[8.539s] INFO:colcon.colcon_core.shell:Creating package script '/home/ignacio/examen1_ws/install/servicios/share/servicios/package.bash'
[8.540s] INFO:colcon.colcon_core.shell:Creating package script '/home/ignacio/examen1_ws/install/servicios/share/servicios/package.zsh'
[8.540s] Level 1:colcon.colcon_core.environment:create_file_with_runtime_dependencies(/home/ignacio/examen1_ws/install/servicios/share/colcon-core/packages/servicios)
[12.730s] DEBUG:colcon.colcon_core.event_handler.log_command:Invoked command in '/home/ignacio/examen1_ws/build/interface' returned '0': CMAKE_PREFIX_PATH=/opt/ros/humble /usr/bin/cmake /home/ignacio/examen1_ws/src/interface -DAMENT_CMAKE_SYMLINK_INSTALL=1 -DCMAKE_INSTALL_PREFIX=/home/ignacio/examen1_ws/install/interface
[12.734s] DEBUG:colcon.colcon_core.event_handler.log_command:Invoking command in '/home/ignacio/examen1_ws/build/interface': CMAKE_PREFIX_PATH=/opt/ros/humble /usr/bin/cmake --build /home/ignacio/examen1_ws/build/interface -- -j4 -l4
[20.085s] DEBUG:colcon.colcon_core.event_handler.log_command:Invoked command in '/home/ignacio/examen1_ws/build/interface' returned '0': CMAKE_PREFIX_PATH=/opt/ros/humble /usr/bin/cmake --build /home/ignacio/examen1_ws/build/interface -- -j4 -l4
[20.108s] DEBUG:colcon.colcon_core.event_handler.log_command:Invoking command in '/home/ignacio/examen1_ws/build/interface': CMAKE_PREFIX_PATH=/opt/ros/humble /usr/bin/cmake --install /home/ignacio/examen1_ws/build/interface
[21.785s] Level 1:colcon.colcon_core.environment:create_environment_scripts_only(interface)
[21.787s] Level 1:colcon.colcon_core.environment:checking '/home/ignacio/examen1_ws/install/interface' for CMake module files
[21.787s] DEBUG:colcon.colcon_core.event_handler.log_command:Invoked command in '/home/ignacio/examen1_ws/build/interface' returned '0': CMAKE_PREFIX_PATH=/opt/ros/humble /usr/bin/cmake --install /home/ignacio/examen1_ws/build/interface
[21.789s] Level 1:colcon.colcon_core.environment:checking '/home/ignacio/examen1_ws/install/interface' for CMake config files
[21.791s] Level 1:colcon.colcon_core.shell:create_environment_hook('interface', 'cmake_prefix_path')
[21.792s] INFO:colcon.colcon_core.shell:Creating environment hook '/home/ignacio/examen1_ws/install/interface/share/interface/hook/cmake_prefix_path.ps1'
[21.793s] INFO:colcon.colcon_core.shell:Creating environment descriptor '/home/ignacio/examen1_ws/install/interface/share/interface/hook/cmake_prefix_path.dsv'
[21.794s] INFO:colcon.colcon_core.shell:Creating environment hook '/home/ignacio/examen1_ws/install/interface/share/interface/hook/cmake_prefix_path.sh'
[21.795s] Level 1:colcon.colcon_core.environment:checking '/home/ignacio/examen1_ws/install/interface/lib'
[21.795s] Level 1:colcon.colcon_core.shell:create_environment_hook('interface', 'ld_library_path_lib')
[21.795s] INFO:colcon.colcon_core.shell:Creating environment hook '/home/ignacio/examen1_ws/install/interface/share/interface/hook/ld_library_path_lib.ps1'
[21.796s] INFO:colcon.colcon_core.shell:Creating environment descriptor '/home/ignacio/examen1_ws/install/interface/share/interface/hook/ld_library_path_lib.dsv'
[21.796s] INFO:colcon.colcon_core.shell:Creating environment hook '/home/ignacio/examen1_ws/install/interface/share/interface/hook/ld_library_path_lib.sh'
[21.797s] Level 1:colcon.colcon_core.environment:checking '/home/ignacio/examen1_ws/install/interface/bin'
[21.797s] Level 1:colcon.colcon_core.environment:checking '/home/ignacio/examen1_ws/install/interface/lib/pkgconfig/interface.pc'
[21.798s] Level 1:colcon.colcon_core.environment:checking '/home/ignacio/examen1_ws/install/interface/lib/python3.10/site-packages'
[21.798s] Level 1:colcon.colcon_core.environment:checking '/home/ignacio/examen1_ws/install/interface/bin'
[21.799s] INFO:colcon.colcon_core.shell:Creating package script '/home/ignacio/examen1_ws/install/interface/share/interface/package.ps1'
[21.799s] INFO:colcon.colcon_core.shell:Creating package descriptor '/home/ignacio/examen1_ws/install/interface/share/interface/package.dsv'
[21.800s] INFO:colcon.colcon_core.shell:Creating package script '/home/ignacio/examen1_ws/install/interface/share/interface/package.sh'
[21.802s] INFO:colcon.colcon_core.shell:Creating package script '/home/ignacio/examen1_ws/install/interface/share/interface/package.bash'
[21.803s] INFO:colcon.colcon_core.shell:Creating package script '/home/ignacio/examen1_ws/install/interface/share/interface/package.zsh'
[21.803s] Level 1:colcon.colcon_core.environment:create_file_with_runtime_dependencies(/home/ignacio/examen1_ws/install/interface/share/colcon-core/packages/interface)
[21.807s] Level 1:colcon.colcon_core.environment:create_environment_scripts_only(interface)
[21.808s] Level 1:colcon.colcon_core.environment:checking '/home/ignacio/examen1_ws/install/interface' for CMake module files
[21.811s] Level 1:colcon.colcon_core.environment:checking '/home/ignacio/examen1_ws/install/interface' for CMake config files
[21.813s] Level 1:colcon.colcon_core.shell:create_environment_hook('interface', 'cmake_prefix_path')
[21.814s] INFO:colcon.colcon_core.shell:Creating environment hook '/home/ignacio/examen1_ws/install/interface/share/interface/hook/cmake_prefix_path.ps1'
[21.815s] INFO:colcon.colcon_core.shell:Creating environment descriptor '/home/ignacio/examen1_ws/install/interface/share/interface/hook/cmake_prefix_path.dsv'
[21.816s] INFO:colcon.colcon_core.shell:Creating environment hook '/home/ignacio/examen1_ws/install/interface/share/interface/hook/cmake_prefix_path.sh'
[21.816s] Level 1:colcon.colcon_core.environment:checking '/home/ignacio/examen1_ws/install/interface/lib'
[21.817s] Level 1:colcon.colcon_core.shell:create_environment_hook('interface', 'ld_library_path_lib')
[21.817s] INFO:colcon.colcon_core.shell:Creating environment hook '/home/ignacio/examen1_ws/install/interface/share/interface/hook/ld_library_path_lib.ps1'
[21.818s] INFO:colcon.colcon_core.shell:Creating environment descriptor '/home/ignacio/examen1_ws/install/interface/share/interface/hook/ld_library_path_lib.dsv'
[21.818s] INFO:colcon.colcon_core.shell:Creating environment hook '/home/ignacio/examen1_ws/install/interface/share/interface/hook/ld_library_path_lib.sh'
[21.819s] Level 1:colcon.colcon_core.environment:checking '/home/ignacio/examen1_ws/install/interface/bin'
[21.819s] Level 1:colcon.colcon_core.environment:checking '/home/ignacio/examen1_ws/install/interface/lib/pkgconfig/interface.pc'
[21.819s] Level 1:colcon.colcon_core.environment:checking '/home/ignacio/examen1_ws/install/interface/lib/python3.10/site-packages'
[21.820s] Level 1:colcon.colcon_core.environment:checking '/home/ignacio/examen1_ws/install/interface/bin'
[21.820s] INFO:colcon.colcon_core.shell:Creating package script '/home/ignacio/examen1_ws/install/interface/share/interface/package.ps1'
[21.822s] INFO:colcon.colcon_core.shell:Creating package descriptor '/home/ignacio/examen1_ws/install/interface/share/interface/package.dsv'
[21.823s] INFO:colcon.colcon_core.shell:Creating package script '/home/ignacio/examen1_ws/install/interface/share/interface/package.sh'
[21.824s] INFO:colcon.colcon_core.shell:Creating package script '/home/ignacio/examen1_ws/install/interface/share/interface/package.bash'
[21.825s] INFO:colcon.colcon_core.shell:Creating package script '/home/ignacio/examen1_ws/install/interface/share/interface/package.zsh'
[21.826s] Level 1:colcon.colcon_core.environment:create_file_with_runtime_dependencies(/home/ignacio/examen1_ws/install/interface/share/colcon-core/packages/interface)
[21.827s] DEBUG:colcon.colcon_parallel_executor.executor.parallel:closing loop
[21.827s] DEBUG:colcon.colcon_parallel_executor.executor.parallel:loop closed
[21.827s] DEBUG:colcon.colcon_parallel_executor.executor.parallel:run_until_complete finished with '0'
[21.827s] DEBUG:colcon.colcon_core.event_reactor:joining thread
[21.906s] INFO:colcon.colcon_core.plugin_system:Skipping extension 'colcon_notification.desktop_notification.terminal_notifier': Not used on non-Darwin systems
[21.907s] INFO:colcon.colcon_core.plugin_system:Skipping extension 'colcon_notification.desktop_notification.win32': Not used on non-Windows systems
[21.907s] INFO:colcon.colcon_notification.desktop_notification:Sending desktop notification using 'notify2'
[21.937s] DEBUG:colcon.colcon_core.event_reactor:joined thread
[21.938s] INFO:colcon.colcon_core.shell:Creating prefix script '/home/ignacio/examen1_ws/install/local_setup.ps1'
[21.978s] INFO:colcon.colcon_core.shell:Creating prefix util module '/home/ignacio/examen1_ws/install/_local_setup_util_ps1.py'
[21.989s] INFO:colcon.colcon_core.shell:Creating prefix chain script '/home/ignacio/examen1_ws/install/setup.ps1'
[21.991s] INFO:colcon.colcon_core.shell:Creating prefix script '/home/ignacio/examen1_ws/install/local_setup.sh'
[22.011s] INFO:colcon.colcon_core.shell:Creating prefix util module '/home/ignacio/examen1_ws/install/_local_setup_util_sh.py'
[22.012s] INFO:colcon.colcon_core.shell:Creating prefix chain script '/home/ignacio/examen1_ws/install/setup.sh'
[22.031s] INFO:colcon.colcon_core.shell:Creating prefix script '/home/ignacio/examen1_ws/install/local_setup.bash'
[22.033s] INFO:colcon.colcon_core.shell:Creating prefix chain script '/home/ignacio/examen1_ws/install/setup.bash'
[22.036s] INFO:colcon.colcon_core.shell:Creating prefix script '/home/ignacio/examen1_ws/install/local_setup.zsh'
[22.048s] INFO:colcon.colcon_core.shell:Creating prefix chain script '/home/ignacio/examen1_ws/install/setup.zsh'
