[0.051s] Invoking command in '/home/ignacio/examen1_ws/build/interface': CMAKE_PREFIX_PATH=/opt/ros/humble /usr/bin/cmake --build /home/ignacio/examen1_ws/build/interface -- -j4 -l4
[0.817s] [  6%] Built target interface__cpp
[0.819s] [ 12%] Built target interface__rosidl_generator_c
[0.819s] [ 12%] Built target ament_cmake_python_symlink_interface
[0.820s] [ 22%] Built target interface__rosidl_typesupport_c
[0.820s] [ 32%] Built target interface__rosidl_typesupport_introspection_c
[0.820s] [ 41%] Built target interface__rosidl_typesupport_fastrtps_c
[0.820s] [ 51%] Built target interface__rosidl_typesupport_introspection_cpp
[0.820s] [ 61%] Built target interface__rosidl_typesupport_cpp
[0.820s] [ 70%] Built target interface__rosidl_typesupport_fastrtps_cpp
[0.820s] [ 70%] Built target interface
[0.821s] [ 74%] Built target interface__py
[0.821s] [ 80%] Built target interface__rosidl_generator_py
[0.821s] [ 87%] Built target interface__rosidl_typesupport_fastrtps_c__pyext
[0.821s] [ 93%] Built target interface__rosidl_typesupport_c__pyext
[0.821s] [100%] Built target interface__rosidl_typesupport_introspection_c__pyext
[0.959s] running egg_info
[0.961s] writing interface.egg-info/PKG-INFO
[0.962s] writing dependency_links to interface.egg-info/dependency_links.txt
[0.962s] writing top-level names to interface.egg-info/top_level.txt
[0.967s] reading manifest file 'interface.egg-info/SOURCES.txt'
[0.969s] writing manifest file 'interface.egg-info/SOURCES.txt'
[1.064s] [100%] Built target ament_cmake_python_build_interface_egg
[1.388s] Invoked command in '/home/ignacio/examen1_ws/build/interface' returned '0': CMAKE_PREFIX_PATH=/opt/ros/humble /usr/bin/cmake --build /home/ignacio/examen1_ws/build/interface -- -j4 -l4
[1.412s] Invoking command in '/home/ignacio/examen1_ws/build/interface': CMAKE_PREFIX_PATH=/opt/ros/humble /usr/bin/cmake --install /home/ignacio/examen1_ws/build/interface
[1.432s] -- Install configuration: ""
[1.435s] -- Execute custom install script
[1.444s] -- Up-to-date symlink: /home/ignacio/examen1_ws/install/interface/share/ament_index/resource_index/rosidl_interfaces/interface
[1.445s] -- Up-to-date symlink: /home/ignacio/examen1_ws/install/interface/include/interface/interface/msg/rosidl_generator_c__visibility_control.h
[1.447s] -- Up-to-date symlink: /home/ignacio/examen1_ws/install/interface/include/interface/interface/srv/aibo.h
[1.448s] -- Up-to-date symlink: /home/ignacio/examen1_ws/install/interface/include/interface/interface/srv/detail/aibo__functions.h
[1.448s] -- Up-to-date symlink: /home/ignacio/examen1_ws/install/interface/include/interface/interface/srv/detail/aibo__struct.h
[1.448s] -- Up-to-date symlink: /home/ignacio/examen1_ws/install/interface/include/interface/interface/srv/detail/aibo__type_support.h
[1.448s] -- Up-to-date symlink: /home/ignacio/examen1_ws/install/interface/share/interface/environment/library_path.sh
[1.448s] -- Up-to-date symlink: /home/ignacio/examen1_ws/install/interface/share/interface/environment/library_path.dsv
[1.448s] -- Up-to-date symlink: /home/ignacio/examen1_ws/install/interface/include/interface/interface/msg/rosidl_typesupport_fastrtps_c__visibility_control.h
[1.449s] -- Up-to-date symlink: /home/ignacio/examen1_ws/install/interface/include/interface/interface/srv/detail/aibo__rosidl_typesupport_fastrtps_c.h
[1.449s] -- Up-to-date symlink: /home/ignacio/examen1_ws/install/interface/include/interface/interface/msg/rosidl_generator_cpp__visibility_control.hpp
[1.449s] -- Up-to-date symlink: /home/ignacio/examen1_ws/install/interface/include/interface/interface/srv/aibo.hpp
[1.449s] -- Up-to-date symlink: /home/ignacio/examen1_ws/install/interface/include/interface/interface/srv/detail/aibo__builder.hpp
[1.451s] -- Up-to-date symlink: /home/ignacio/examen1_ws/install/interface/include/interface/interface/srv/detail/aibo__struct.hpp
[1.451s] -- Up-to-date symlink: /home/ignacio/examen1_ws/install/interface/include/interface/interface/srv/detail/aibo__traits.hpp
[1.451s] -- Up-to-date symlink: /home/ignacio/examen1_ws/install/interface/include/interface/interface/srv/detail/aibo__type_support.hpp
[1.453s] -- Up-to-date symlink: /home/ignacio/examen1_ws/install/interface/include/interface/interface/msg/rosidl_typesupport_fastrtps_cpp__visibility_control.h
[1.454s] -- Up-to-date symlink: /home/ignacio/examen1_ws/install/interface/include/interface/interface/srv/detail/aibo__rosidl_typesupport_fastrtps_cpp.hpp
[1.455s] -- Up-to-date symlink: /home/ignacio/examen1_ws/install/interface/include/interface/interface/msg/rosidl_typesupport_introspection_c__visibility_control.h
[1.456s] -- Up-to-date symlink: /home/ignacio/examen1_ws/install/interface/include/interface/interface/srv/detail/aibo__rosidl_typesupport_introspection_c.h
[1.456s] -- Up-to-date symlink: /home/ignacio/examen1_ws/install/interface/include/interface/interface/srv/detail/aibo__rosidl_typesupport_introspection_cpp.hpp
[1.457s] -- Up-to-date symlink: /home/ignacio/examen1_ws/install/interface/share/interface/environment/pythonpath.sh
[1.457s] -- Up-to-date symlink: /home/ignacio/examen1_ws/install/interface/share/interface/environment/pythonpath.dsv
[1.457s] -- Up-to-date symlink: /home/ignacio/examen1_ws/install/interface/local/lib/python3.10/dist-packages/interface-0.0.0-py3.10.egg-info/PKG-INFO
[1.458s] -- Up-to-date symlink: /home/ignacio/examen1_ws/install/interface/local/lib/python3.10/dist-packages/interface-0.0.0-py3.10.egg-info/SOURCES.txt
[1.458s] -- Up-to-date symlink: /home/ignacio/examen1_ws/install/interface/local/lib/python3.10/dist-packages/interface-0.0.0-py3.10.egg-info/dependency_links.txt
[1.459s] -- Up-to-date symlink: /home/ignacio/examen1_ws/install/interface/local/lib/python3.10/dist-packages/interface-0.0.0-py3.10.egg-info/top_level.txt
[1.460s] -- Up-to-date symlink: /home/ignacio/examen1_ws/install/interface/local/lib/python3.10/dist-packages/interface/__init__.py
[1.461s] -- Up-to-date symlink: /home/ignacio/examen1_ws/install/interface/local/lib/python3.10/dist-packages/interface/_interface_s.ep.rosidl_typesupport_c.c
[1.461s] -- Up-to-date symlink: /home/ignacio/examen1_ws/install/interface/local/lib/python3.10/dist-packages/interface/_interface_s.ep.rosidl_typesupport_fastrtps_c.c
[1.461s] -- Up-to-date symlink: /home/ignacio/examen1_ws/install/interface/local/lib/python3.10/dist-packages/interface/_interface_s.ep.rosidl_typesupport_introspection_c.c
[1.461s] -- Up-to-date symlink: /home/ignacio/examen1_ws/install/interface/local/lib/python3.10/dist-packages/interface/interface_s__rosidl_typesupport_c.cpython-310-x86_64-linux-gnu.so
[1.462s] -- Up-to-date symlink: /home/ignacio/examen1_ws/install/interface/local/lib/python3.10/dist-packages/interface/interface_s__rosidl_typesupport_fastrtps_c.cpython-310-x86_64-linux-gnu.so
[1.462s] -- Up-to-date symlink: /home/ignacio/examen1_ws/install/interface/local/lib/python3.10/dist-packages/interface/interface_s__rosidl_typesupport_introspection_c.cpython-310-x86_64-linux-gnu.so
[1.462s] -- Up-to-date symlink: /home/ignacio/examen1_ws/install/interface/local/lib/python3.10/dist-packages/interface/libinterface__rosidl_generator_py.so
[1.463s] -- Up-to-date symlink: /home/ignacio/examen1_ws/install/interface/local/lib/python3.10/dist-packages/interface/srv/__init__.py
[1.463s] -- Up-to-date symlink: /home/ignacio/examen1_ws/install/interface/local/lib/python3.10/dist-packages/interface/srv/_aibo.py
[1.466s] -- Up-to-date symlink: /home/ignacio/examen1_ws/install/interface/local/lib/python3.10/dist-packages/interface/srv/_aibo_s.c
[1.467s] -- Up-to-date symlink: /home/ignacio/examen1_ws/install/interface/local/lib/python3.10/dist-packages/interface/interface_s__rosidl_typesupport_fastrtps_c.cpython-310-x86_64-linux-gnu.so
[1.474s] -- Up-to-date symlink: /home/ignacio/examen1_ws/install/interface/local/lib/python3.10/dist-packages/interface/interface_s__rosidl_typesupport_introspection_c.cpython-310-x86_64-linux-gnu.so
[1.474s] -- Up-to-date symlink: /home/ignacio/examen1_ws/install/interface/local/lib/python3.10/dist-packages/interface/interface_s__rosidl_typesupport_c.cpython-310-x86_64-linux-gnu.so
[1.475s] -- Up-to-date symlink: /home/ignacio/examen1_ws/install/interface/share/interface/srv/Aibo.idl
[1.475s] -- Up-to-date symlink: /home/ignacio/examen1_ws/install/interface/share/interface/srv/Aibo.srv
[1.475s] -- Up-to-date symlink: /home/ignacio/examen1_ws/install/interface/share/interface/srv/Aibo_Request.msg
[1.475s] -- Up-to-date symlink: /home/ignacio/examen1_ws/install/interface/share/interface/srv/Aibo_Response.msg
[1.482s] -- Up-to-date symlink: /home/ignacio/examen1_ws/install/interface/share/ament_index/resource_index/package_run_dependencies/interface
[1.482s] -- Up-to-date symlink: /home/ignacio/examen1_ws/install/interface/share/ament_index/resource_index/parent_prefix_path/interface
[1.483s] -- Up-to-date symlink: /home/ignacio/examen1_ws/install/interface/share/interface/environment/ament_prefix_path.sh
[1.483s] -- Up-to-date symlink: /home/ignacio/examen1_ws/install/interface/share/interface/environment/ament_prefix_path.dsv
[1.483s] -- Up-to-date symlink: /home/ignacio/examen1_ws/install/interface/share/interface/environment/path.sh
[1.483s] -- Up-to-date symlink: /home/ignacio/examen1_ws/install/interface/share/interface/environment/path.dsv
[1.483s] -- Up-to-date symlink: /home/ignacio/examen1_ws/install/interface/share/interface/local_setup.bash
[1.483s] -- Up-to-date symlink: /home/ignacio/examen1_ws/install/interface/share/interface/local_setup.sh
[1.484s] -- Up-to-date symlink: /home/ignacio/examen1_ws/install/interface/share/interface/local_setup.zsh
[1.485s] -- Up-to-date symlink: /home/ignacio/examen1_ws/install/interface/share/interface/local_setup.dsv
[1.485s] -- Symlinking: /home/ignacio/examen1_ws/install/interface/share/interface/package.dsv
[1.511s] -- Up-to-date symlink: /home/ignacio/examen1_ws/install/interface/share/ament_index/resource_index/packages/interface
[1.511s] -- Up-to-date symlink: /home/ignacio/examen1_ws/install/interface/share/interface/cmake/rosidl_cmake-extras.cmake
[1.512s] -- Up-to-date symlink: /home/ignacio/examen1_ws/install/interface/share/interface/cmake/ament_cmake_export_dependencies-extras.cmake
[1.512s] -- Up-to-date symlink: /home/ignacio/examen1_ws/install/interface/share/interface/cmake/ament_cmake_export_include_directories-extras.cmake
[1.512s] -- Up-to-date symlink: /home/ignacio/examen1_ws/install/interface/share/interface/cmake/ament_cmake_export_libraries-extras.cmake
[1.512s] -- Up-to-date symlink: /home/ignacio/examen1_ws/install/interface/share/interface/cmake/ament_cmake_export_targets-extras.cmake
[1.513s] -- Up-to-date symlink: /home/ignacio/examen1_ws/install/interface/share/interface/cmake/rosidl_cmake_export_typesupport_targets-extras.cmake
[1.513s] -- Up-to-date symlink: /home/ignacio/examen1_ws/install/interface/share/interface/cmake/rosidl_cmake_export_typesupport_libraries-extras.cmake
[1.514s] -- Up-to-date symlink: /home/ignacio/examen1_ws/install/interface/share/interface/cmake/interfaceConfig.cmake
[1.514s] -- Up-to-date symlink: /home/ignacio/examen1_ws/install/interface/share/interface/cmake/interfaceConfig-version.cmake
[1.515s] -- Up-to-date symlink: /home/ignacio/examen1_ws/install/interface/share/interface/package.xml
[1.516s] -- Up-to-date: /home/ignacio/examen1_ws/install/interface/lib/libinterface__rosidl_generator_c.so
[1.516s] -- Up-to-date: /home/ignacio/examen1_ws/install/interface/lib/libinterface__rosidl_typesupport_fastrtps_c.so
[1.517s] -- Up-to-date: /home/ignacio/examen1_ws/install/interface/lib/libinterface__rosidl_typesupport_fastrtps_cpp.so
[1.518s] -- Up-to-date: /home/ignacio/examen1_ws/install/interface/lib/libinterface__rosidl_typesupport_introspection_c.so
[1.519s] -- Up-to-date: /home/ignacio/examen1_ws/install/interface/lib/libinterface__rosidl_typesupport_c.so
[1.519s] -- Up-to-date: /home/ignacio/examen1_ws/install/interface/lib/libinterface__rosidl_typesupport_introspection_cpp.so
[1.523s] -- Up-to-date: /home/ignacio/examen1_ws/install/interface/lib/libinterface__rosidl_typesupport_cpp.so
[1.622s] Listing '/home/ignacio/examen1_ws/install/interface/local/lib/python3.10/dist-packages/interface'...
[1.622s] Listing '/home/ignacio/examen1_ws/install/interface/local/lib/python3.10/dist-packages/interface/srv'...
[1.643s] -- Up-to-date: /home/ignacio/examen1_ws/install/interface/lib/libinterface__rosidl_generator_py.so
[1.645s] -- Up-to-date: /home/ignacio/examen1_ws/install/interface/share/interface/cmake/export_interface__rosidl_generator_cExport.cmake
[1.646s] -- Up-to-date: /home/ignacio/examen1_ws/install/interface/share/interface/cmake/export_interface__rosidl_generator_cExport-noconfig.cmake
[1.646s] -- Up-to-date: /home/ignacio/examen1_ws/install/interface/share/interface/cmake/export_interface__rosidl_typesupport_fastrtps_cExport.cmake
[1.646s] -- Up-to-date: /home/ignacio/examen1_ws/install/interface/share/interface/cmake/export_interface__rosidl_typesupport_fastrtps_cExport-noconfig.cmake
[1.647s] -- Up-to-date: /home/ignacio/examen1_ws/install/interface/share/interface/cmake/export_interface__rosidl_generator_cppExport.cmake
[1.647s] -- Up-to-date: /home/ignacio/examen1_ws/install/interface/share/interface/cmake/export_interface__rosidl_typesupport_fastrtps_cppExport.cmake
[1.647s] -- Up-to-date: /home/ignacio/examen1_ws/install/interface/share/interface/cmake/export_interface__rosidl_typesupport_fastrtps_cppExport-noconfig.cmake
[1.647s] -- Up-to-date: /home/ignacio/examen1_ws/install/interface/share/interface/cmake/interface__rosidl_typesupport_introspection_cExport.cmake
[1.647s] -- Up-to-date: /home/ignacio/examen1_ws/install/interface/share/interface/cmake/interface__rosidl_typesupport_introspection_cExport-noconfig.cmake
[1.648s] -- Up-to-date: /home/ignacio/examen1_ws/install/interface/share/interface/cmake/interface__rosidl_typesupport_cExport.cmake
[1.648s] -- Up-to-date: /home/ignacio/examen1_ws/install/interface/share/interface/cmake/interface__rosidl_typesupport_cExport-noconfig.cmake
[1.648s] -- Up-to-date: /home/ignacio/examen1_ws/install/interface/share/interface/cmake/interface__rosidl_typesupport_introspection_cppExport.cmake
[1.648s] -- Up-to-date: /home/ignacio/examen1_ws/install/interface/share/interface/cmake/interface__rosidl_typesupport_introspection_cppExport-noconfig.cmake
[1.648s] -- Up-to-date: /home/ignacio/examen1_ws/install/interface/share/interface/cmake/interface__rosidl_typesupport_cppExport.cmake
[1.648s] -- Up-to-date: /home/ignacio/examen1_ws/install/interface/share/interface/cmake/interface__rosidl_typesupport_cppExport-noconfig.cmake
[1.649s] -- Up-to-date: /home/ignacio/examen1_ws/install/interface/share/interface/cmake/export_interface__rosidl_generator_pyExport.cmake
[1.649s] -- Up-to-date: /home/ignacio/examen1_ws/install/interface/share/interface/cmake/export_interface__rosidl_generator_pyExport-noconfig.cmake
[1.656s] Invoked command in '/home/ignacio/examen1_ws/build/interface' returned '0': CMAKE_PREFIX_PATH=/opt/ros/humble /usr/bin/cmake --install /home/ignacio/examen1_ws/build/interface
