[35m[1mConsolidate compiler generated dependencies of target interface__rosidl_generator_c[0m
[  3%] Built target interface__cpp
[ 12%] Built target interface__rosidl_generator_c
[ 12%] Built target ament_cmake_python_symlink_interface
[35m[1mConsolidate compiler generated dependencies of target interface__rosidl_typesupport_fastrtps_cpp[0m
[35m[1mConsolidate compiler generated dependencies of target interface__rosidl_typesupport_introspection_cpp[0m
[35m[1mConsolidate compiler generated dependencies of target interface__rosidl_typesupport_fastrtps_c[0m
[ 22%] Built target interface__rosidl_typesupport_fastrtps_cpp
[ 32%] Built target interface__rosidl_typesupport_introspection_cpp
[35m[1mConsolidate compiler generated dependencies of target interface__rosidl_typesupport_cpp[0m
[35m[1mConsolidate compiler generated dependencies of target interface__rosidl_typesupport_introspection_c[0m
[ 41%] Built target interface__rosidl_typesupport_fastrtps_c
[35m[1mConsolidate compiler generated dependencies of target interface__rosidl_typesupport_c[0m
[ 51%] Built target interface__rosidl_typesupport_introspection_c
[ 61%] Built target interface__rosidl_typesupport_cpp
[ 70%] Built target interface__rosidl_typesupport_c
[ 70%] Built target interface
[ 74%] Built target interface__py
[35m[1mConsolidate compiler generated dependencies of target interface__rosidl_generator_py[0m
[ 80%] Built target interface__rosidl_generator_py
[35m[1mConsolidate compiler generated dependencies of target interface__rosidl_typesupport_fastrtps_c__pyext[0m
[35m[1mConsolidate compiler generated dependencies of target interface__rosidl_typesupport_c__pyext[0m
[35m[1mConsolidate compiler generated dependencies of target interface__rosidl_typesupport_introspection_c__pyext[0m
[ 87%] Built target interface__rosidl_typesupport_c__pyext
[ 93%] Built target interface__rosidl_typesupport_introspection_c__pyext
[100%] Built target interface__rosidl_typesupport_fastrtps_c__pyext
running egg_info
writing interface.egg-info/PKG-INFO
writing dependency_links to interface.egg-info/dependency_links.txt
writing top-level names to interface.egg-info/top_level.txt
reading manifest file 'interface.egg-info/SOURCES.txt'
writing manifest file 'interface.egg-info/SOURCES.txt'
[100%] Built target ament_cmake_python_build_interface_egg
-- Install configuration: ""
-- Execute custom install script
-- Up-to-date symlink: /home/ignacio/examen1_ws/install/interface/share/ament_index/resource_index/rosidl_interfaces/interface
-- Up-to-date symlink: /home/ignacio/examen1_ws/install/interface/include/interface/interface/msg/rosidl_generator_c__visibility_control.h
-- Up-to-date symlink: /home/ignacio/examen1_ws/install/interface/include/interface/interface/srv/aibo.h
-- Up-to-date symlink: /home/ignacio/examen1_ws/install/interface/include/interface/interface/srv/detail/aibo__functions.h
-- Up-to-date symlink: /home/ignacio/examen1_ws/install/interface/include/interface/interface/srv/detail/aibo__struct.h
-- Up-to-date symlink: /home/ignacio/examen1_ws/install/interface/include/interface/interface/srv/detail/aibo__type_support.h
-- Up-to-date symlink: /home/ignacio/examen1_ws/install/interface/share/interface/environment/library_path.sh
-- Up-to-date symlink: /home/ignacio/examen1_ws/install/interface/share/interface/environment/library_path.dsv
-- Up-to-date symlink: /home/ignacio/examen1_ws/install/interface/include/interface/interface/msg/rosidl_typesupport_fastrtps_c__visibility_control.h
-- Up-to-date symlink: /home/ignacio/examen1_ws/install/interface/include/interface/interface/srv/detail/aibo__rosidl_typesupport_fastrtps_c.h
-- Up-to-date symlink: /home/ignacio/examen1_ws/install/interface/include/interface/interface/msg/rosidl_generator_cpp__visibility_control.hpp
-- Up-to-date symlink: /home/ignacio/examen1_ws/install/interface/include/interface/interface/srv/aibo.hpp
-- Up-to-date symlink: /home/ignacio/examen1_ws/install/interface/include/interface/interface/srv/detail/aibo__builder.hpp
-- Up-to-date symlink: /home/ignacio/examen1_ws/install/interface/include/interface/interface/srv/detail/aibo__struct.hpp
-- Up-to-date symlink: /home/ignacio/examen1_ws/install/interface/include/interface/interface/srv/detail/aibo__traits.hpp
-- Up-to-date symlink: /home/ignacio/examen1_ws/install/interface/include/interface/interface/srv/detail/aibo__type_support.hpp
-- Up-to-date symlink: /home/ignacio/examen1_ws/install/interface/include/interface/interface/msg/rosidl_typesupport_fastrtps_cpp__visibility_control.h
-- Up-to-date symlink: /home/ignacio/examen1_ws/install/interface/include/interface/interface/srv/detail/aibo__rosidl_typesupport_fastrtps_cpp.hpp
-- Up-to-date symlink: /home/ignacio/examen1_ws/install/interface/include/interface/interface/msg/rosidl_typesupport_introspection_c__visibility_control.h
-- Up-to-date symlink: /home/ignacio/examen1_ws/install/interface/include/interface/interface/srv/detail/aibo__rosidl_typesupport_introspection_c.h
-- Up-to-date symlink: /home/ignacio/examen1_ws/install/interface/include/interface/interface/srv/detail/aibo__rosidl_typesupport_introspection_cpp.hpp
-- Up-to-date symlink: /home/ignacio/examen1_ws/install/interface/share/interface/environment/pythonpath.sh
-- Up-to-date symlink: /home/ignacio/examen1_ws/install/interface/share/interface/environment/pythonpath.dsv
-- Up-to-date symlink: /home/ignacio/examen1_ws/install/interface/local/lib/python3.10/dist-packages/interface-0.0.0-py3.10.egg-info/PKG-INFO
-- Up-to-date symlink: /home/ignacio/examen1_ws/install/interface/local/lib/python3.10/dist-packages/interface-0.0.0-py3.10.egg-info/SOURCES.txt
-- Up-to-date symlink: /home/ignacio/examen1_ws/install/interface/local/lib/python3.10/dist-packages/interface-0.0.0-py3.10.egg-info/dependency_links.txt
-- Up-to-date symlink: /home/ignacio/examen1_ws/install/interface/local/lib/python3.10/dist-packages/interface-0.0.0-py3.10.egg-info/top_level.txt
-- Up-to-date symlink: /home/ignacio/examen1_ws/install/interface/local/lib/python3.10/dist-packages/interface/__init__.py
-- Up-to-date symlink: /home/ignacio/examen1_ws/install/interface/local/lib/python3.10/dist-packages/interface/_interface_s.ep.rosidl_typesupport_c.c
-- Up-to-date symlink: /home/ignacio/examen1_ws/install/interface/local/lib/python3.10/dist-packages/interface/_interface_s.ep.rosidl_typesupport_fastrtps_c.c
-- Up-to-date symlink: /home/ignacio/examen1_ws/install/interface/local/lib/python3.10/dist-packages/interface/_interface_s.ep.rosidl_typesupport_introspection_c.c
-- Up-to-date symlink: /home/ignacio/examen1_ws/install/interface/local/lib/python3.10/dist-packages/interface/interface_s__rosidl_typesupport_c.cpython-310-x86_64-linux-gnu.so
-- Up-to-date symlink: /home/ignacio/examen1_ws/install/interface/local/lib/python3.10/dist-packages/interface/interface_s__rosidl_typesupport_fastrtps_c.cpython-310-x86_64-linux-gnu.so
-- Up-to-date symlink: /home/ignacio/examen1_ws/install/interface/local/lib/python3.10/dist-packages/interface/interface_s__rosidl_typesupport_introspection_c.cpython-310-x86_64-linux-gnu.so
-- Up-to-date symlink: /home/ignacio/examen1_ws/install/interface/local/lib/python3.10/dist-packages/interface/libinterface__rosidl_generator_py.so
-- Up-to-date symlink: /home/ignacio/examen1_ws/install/interface/local/lib/python3.10/dist-packages/interface/srv/__init__.py
-- Up-to-date symlink: /home/ignacio/examen1_ws/install/interface/local/lib/python3.10/dist-packages/interface/srv/_aibo.py
-- Up-to-date symlink: /home/ignacio/examen1_ws/install/interface/local/lib/python3.10/dist-packages/interface/srv/_aibo_s.c
-- Up-to-date symlink: /home/ignacio/examen1_ws/install/interface/local/lib/python3.10/dist-packages/interface/interface_s__rosidl_typesupport_fastrtps_c.cpython-310-x86_64-linux-gnu.so
-- Up-to-date symlink: /home/ignacio/examen1_ws/install/interface/local/lib/python3.10/dist-packages/interface/interface_s__rosidl_typesupport_introspection_c.cpython-310-x86_64-linux-gnu.so
-- Up-to-date symlink: /home/ignacio/examen1_ws/install/interface/local/lib/python3.10/dist-packages/interface/interface_s__rosidl_typesupport_c.cpython-310-x86_64-linux-gnu.so
-- Up-to-date symlink: /home/ignacio/examen1_ws/install/interface/share/interface/srv/Aibo.idl
-- Up-to-date symlink: /home/ignacio/examen1_ws/install/interface/share/interface/srv/Aibo.srv
-- Up-to-date symlink: /home/ignacio/examen1_ws/install/interface/share/interface/srv/Aibo_Request.msg
-- Up-to-date symlink: /home/ignacio/examen1_ws/install/interface/share/interface/srv/Aibo_Response.msg
-- Up-to-date symlink: /home/ignacio/examen1_ws/install/interface/share/ament_index/resource_index/package_run_dependencies/interface
-- Up-to-date symlink: /home/ignacio/examen1_ws/install/interface/share/ament_index/resource_index/parent_prefix_path/interface
-- Up-to-date symlink: /home/ignacio/examen1_ws/install/interface/share/interface/environment/ament_prefix_path.sh
-- Up-to-date symlink: /home/ignacio/examen1_ws/install/interface/share/interface/environment/ament_prefix_path.dsv
-- Up-to-date symlink: /home/ignacio/examen1_ws/install/interface/share/interface/environment/path.sh
-- Up-to-date symlink: /home/ignacio/examen1_ws/install/interface/share/interface/environment/path.dsv
-- Up-to-date symlink: /home/ignacio/examen1_ws/install/interface/share/interface/local_setup.bash
-- Up-to-date symlink: /home/ignacio/examen1_ws/install/interface/share/interface/local_setup.sh
-- Up-to-date symlink: /home/ignacio/examen1_ws/install/interface/share/interface/local_setup.zsh
-- Up-to-date symlink: /home/ignacio/examen1_ws/install/interface/share/interface/local_setup.dsv
-- Symlinking: /home/ignacio/examen1_ws/install/interface/share/interface/package.dsv
-- Up-to-date symlink: /home/ignacio/examen1_ws/install/interface/share/ament_index/resource_index/packages/interface
-- Up-to-date symlink: /home/ignacio/examen1_ws/install/interface/share/interface/cmake/rosidl_cmake-extras.cmake
-- Up-to-date symlink: /home/ignacio/examen1_ws/install/interface/share/interface/cmake/ament_cmake_export_dependencies-extras.cmake
-- Up-to-date symlink: /home/ignacio/examen1_ws/install/interface/share/interface/cmake/ament_cmake_export_include_directories-extras.cmake
-- Up-to-date symlink: /home/ignacio/examen1_ws/install/interface/share/interface/cmake/ament_cmake_export_libraries-extras.cmake
-- Up-to-date symlink: /home/ignacio/examen1_ws/install/interface/share/interface/cmake/ament_cmake_export_targets-extras.cmake
-- Up-to-date symlink: /home/ignacio/examen1_ws/install/interface/share/interface/cmake/rosidl_cmake_export_typesupport_targets-extras.cmake
-- Up-to-date symlink: /home/ignacio/examen1_ws/install/interface/share/interface/cmake/rosidl_cmake_export_typesupport_libraries-extras.cmake
-- Up-to-date symlink: /home/ignacio/examen1_ws/install/interface/share/interface/cmake/interfaceConfig.cmake
-- Up-to-date symlink: /home/ignacio/examen1_ws/install/interface/share/interface/cmake/interfaceConfig-version.cmake
-- Up-to-date symlink: /home/ignacio/examen1_ws/install/interface/share/interface/package.xml
-- Up-to-date: /home/ignacio/examen1_ws/install/interface/lib/libinterface__rosidl_generator_c.so
-- Up-to-date: /home/ignacio/examen1_ws/install/interface/lib/libinterface__rosidl_typesupport_fastrtps_c.so
-- Up-to-date: /home/ignacio/examen1_ws/install/interface/lib/libinterface__rosidl_typesupport_fastrtps_cpp.so
-- Up-to-date: /home/ignacio/examen1_ws/install/interface/lib/libinterface__rosidl_typesupport_introspection_c.so
-- Up-to-date: /home/ignacio/examen1_ws/install/interface/lib/libinterface__rosidl_typesupport_c.so
-- Up-to-date: /home/ignacio/examen1_ws/install/interface/lib/libinterface__rosidl_typesupport_introspection_cpp.so
-- Up-to-date: /home/ignacio/examen1_ws/install/interface/lib/libinterface__rosidl_typesupport_cpp.so
Listing '/home/ignacio/examen1_ws/install/interface/local/lib/python3.10/dist-packages/interface'...
Listing '/home/ignacio/examen1_ws/install/interface/local/lib/python3.10/dist-packages/interface/srv'...
-- Up-to-date: /home/ignacio/examen1_ws/install/interface/lib/libinterface__rosidl_generator_py.so
-- Up-to-date: /home/ignacio/examen1_ws/install/interface/share/interface/cmake/export_interface__rosidl_generator_cExport.cmake
-- Up-to-date: /home/ignacio/examen1_ws/install/interface/share/interface/cmake/export_interface__rosidl_generator_cExport-noconfig.cmake
-- Up-to-date: /home/ignacio/examen1_ws/install/interface/share/interface/cmake/export_interface__rosidl_typesupport_fastrtps_cExport.cmake
-- Up-to-date: /home/ignacio/examen1_ws/install/interface/share/interface/cmake/export_interface__rosidl_typesupport_fastrtps_cExport-noconfig.cmake
-- Up-to-date: /home/ignacio/examen1_ws/install/interface/share/interface/cmake/export_interface__rosidl_generator_cppExport.cmake
-- Up-to-date: /home/ignacio/examen1_ws/install/interface/share/interface/cmake/export_interface__rosidl_typesupport_fastrtps_cppExport.cmake
-- Up-to-date: /home/ignacio/examen1_ws/install/interface/share/interface/cmake/export_interface__rosidl_typesupport_fastrtps_cppExport-noconfig.cmake
-- Up-to-date: /home/ignacio/examen1_ws/install/interface/share/interface/cmake/interface__rosidl_typesupport_introspection_cExport.cmake
-- Up-to-date: /home/ignacio/examen1_ws/install/interface/share/interface/cmake/interface__rosidl_typesupport_introspection_cExport-noconfig.cmake
-- Up-to-date: /home/ignacio/examen1_ws/install/interface/share/interface/cmake/interface__rosidl_typesupport_cExport.cmake
-- Up-to-date: /home/ignacio/examen1_ws/install/interface/share/interface/cmake/interface__rosidl_typesupport_cExport-noconfig.cmake
-- Up-to-date: /home/ignacio/examen1_ws/install/interface/share/interface/cmake/interface__rosidl_typesupport_introspection_cppExport.cmake
-- Up-to-date: /home/ignacio/examen1_ws/install/interface/share/interface/cmake/interface__rosidl_typesupport_introspection_cppExport-noconfig.cmake
-- Up-to-date: /home/ignacio/examen1_ws/install/interface/share/interface/cmake/interface__rosidl_typesupport_cppExport.cmake
-- Up-to-date: /home/ignacio/examen1_ws/install/interface/share/interface/cmake/interface__rosidl_typesupport_cppExport-noconfig.cmake
-- Up-to-date: /home/ignacio/examen1_ws/install/interface/share/interface/cmake/export_interface__rosidl_generator_pyExport.cmake
-- Up-to-date: /home/ignacio/examen1_ws/install/interface/share/interface/cmake/export_interface__rosidl_generator_pyExport-noconfig.cmake
