running develop
running egg_info
writing pubsub.egg-info/PKG-INFO
writing dependency_links to pubsub.egg-info/dependency_links.txt
writing entry points to pubsub.egg-info/entry_points.txt
writing requirements to pubsub.egg-info/requires.txt
writing top-level names to pubsub.egg-info/top_level.txt
reading manifest file 'pubsub.egg-info/SOURCES.txt'
writing manifest file 'pubsub.egg-info/SOURCES.txt'
running build_ext
Creating /home/ignacio/examen1_ws/install/pubsub/lib/python3.10/site-packages/pubsub.egg-link (link to .)
Installing filtro script to /home/ignacio/examen1_ws/install/pubsub/lib/pubsub
Installing leer script to /home/ignacio/examen1_ws/install/pubsub/lib/pubsub
Installing pub script to /home/ignacio/examen1_ws/install/pubsub/lib/pubsub
Installing sensores script to /home/ignacio/examen1_ws/install/pubsub/lib/pubsub
Installing sub script to /home/ignacio/examen1_ws/install/pubsub/lib/pubsub

Installed /home/ignacio/examen1_ws/build/pubsub
running symlink_data
symbolically linking /home/ignacio/examen1_ws/build/pubsub/resource/pubsub -> /home/ignacio/examen1_ws/install/pubsub/share/ament_index/resource_index/packages
symbolically linking /home/ignacio/examen1_ws/build/pubsub/package.xml -> /home/ignacio/examen1_ws/install/pubsub/share/pubsub
