[1.596s] DEBUG:colcon:Command line arguments: ['/usr/bin/colcon', 'build', '--symlink-install']
[1.596s] DEBUG:colcon:Parsed command line arguments: Namespace(log_base=None, log_level=None, verb_name='build', build_base='build', install_base='install', merge_install=False, symlink_install=True, test_result_base=None, continue_on_error=False, executor='parallel', parallel_workers=4, event_handlers=None, ignore_user_meta=False, metas=['./colcon.meta'], base_paths=['.'], packages_ignore=None, packages_ignore_regex=None, paths=None, packages_up_to=None, packages_up_to_regex=None, packages_above=None, packages_above_and_dependencies=None, packages_above_depth=None, packages_select_by_dep=None, packages_skip_by_dep=None, packages_skip_up_to=None, packages_select_build_failed=False, packages_skip_build_finished=False, packages_select_test_failures=False, packages_skip_test_passed=False, packages_select=None, packages_skip=None, packages_select_regex=None, packages_skip_regex=None, packages_start=None, packages_end=None, allow_overriding=[], cmake_args=None, cmake_target=None, cmake_target_skip_unavailable=False, cmake_clean_cache=False, cmake_clean_first=False, cmake_force_configure=False, ament_cmake_args=None, catkin_cmake_args=None, catkin_skip_building_tests=False, verb_parser=<colcon_defaults.argument_parser.defaults.DefaultArgumentsDecorator object at 0x774cd333e740>, verb_extension=<colcon_core.verb.build.BuildVerb object at 0x774cd333d720>, main=<bound method BuildVerb.main of <colcon_core.verb.build.BuildVerb object at 0x774cd333d720>>)
[5.399s] Level 1:colcon.colcon_core.package_discovery:discover_packages(colcon_meta) check parameters
[5.399s] Level 1:colcon.colcon_core.package_discovery:discover_packages(recursive) check parameters
[5.400s] Level 1:colcon.colcon_core.package_discovery:discover_packages(ignore) check parameters
[5.400s] Level 1:colcon.colcon_core.package_discovery:discover_packages(path) check parameters
[5.400s] Level 1:colcon.colcon_core.package_discovery:discover_packages(colcon_meta) discover
[5.400s] Level 1:colcon.colcon_core.package_discovery:discover_packages(recursive) discover
[5.400s] INFO:colcon.colcon_core.package_discovery:Crawling recursively for packages in '/home/ignacio/examen1_ws'
[5.400s] Level 1:colcon.colcon_core.package_identification:_identify(.) by extensions ['ignore', 'ignore_ament_install']
[5.401s] Level 1:colcon.colcon_core.package_identification:_identify(.) by extension 'ignore'
[5.401s] Level 1:colcon.colcon_core.package_identification:_identify(.) by extension 'ignore_ament_install'
[5.401s] Level 1:colcon.colcon_core.package_identification:_identify(.) by extensions ['colcon_pkg']
[5.401s] Level 1:colcon.colcon_core.package_identification:_identify(.) by extension 'colcon_pkg'
[5.401s] Level 1:colcon.colcon_core.package_identification:_identify(.) by extensions ['colcon_meta']
[5.402s] Level 1:colcon.colcon_core.package_identification:_identify(.) by extension 'colcon_meta'
[5.402s] Level 1:colcon.colcon_core.package_identification:_identify(.) by extensions ['ros']
[5.402s] Level 1:colcon.colcon_core.package_identification:_identify(.) by extension 'ros'
[5.467s] Level 1:colcon.colcon_core.package_identification:_identify(.) by extensions ['cmake', 'python']
[5.468s] Level 1:colcon.colcon_core.package_identification:_identify(.) by extension 'cmake'
[5.468s] Level 1:colcon.colcon_core.package_identification:_identify(.) by extension 'python'
[5.468s] Level 1:colcon.colcon_core.package_identification:_identify(.) by extensions ['python_setup_py']
[5.468s] Level 1:colcon.colcon_core.package_identification:_identify(.) by extension 'python_setup_py'
[5.468s] Level 1:colcon.colcon_core.package_identification:_identify(build) by extensions ['ignore', 'ignore_ament_install']
[5.469s] Level 1:colcon.colcon_core.package_identification:_identify(build) by extension 'ignore'
[5.469s] Level 1:colcon.colcon_core.package_identification:_identify(build) ignored
[5.485s] Level 1:colcon.colcon_core.package_identification:_identify(install) by extensions ['ignore', 'ignore_ament_install']
[5.486s] Level 1:colcon.colcon_core.package_identification:_identify(install) by extension 'ignore'
[5.486s] Level 1:colcon.colcon_core.package_identification:_identify(install) ignored
[5.486s] Level 1:colcon.colcon_core.package_identification:_identify(log) by extensions ['ignore', 'ignore_ament_install']
[5.486s] Level 1:colcon.colcon_core.package_identification:_identify(log) by extension 'ignore'
[5.486s] Level 1:colcon.colcon_core.package_identification:_identify(log) ignored
[5.486s] Level 1:colcon.colcon_core.package_identification:_identify(src) by extensions ['ignore', 'ignore_ament_install']
[5.486s] Level 1:colcon.colcon_core.package_identification:_identify(src) by extension 'ignore'
[5.486s] Level 1:colcon.colcon_core.package_identification:_identify(src) by extension 'ignore_ament_install'
[5.487s] Level 1:colcon.colcon_core.package_identification:_identify(src) by extensions ['colcon_pkg']
[5.487s] Level 1:colcon.colcon_core.package_identification:_identify(src) by extension 'colcon_pkg'
[5.487s] Level 1:colcon.colcon_core.package_identification:_identify(src) by extensions ['colcon_meta']
[5.487s] Level 1:colcon.colcon_core.package_identification:_identify(src) by extension 'colcon_meta'
[5.487s] Level 1:colcon.colcon_core.package_identification:_identify(src) by extensions ['ros']
[5.487s] Level 1:colcon.colcon_core.package_identification:_identify(src) by extension 'ros'
[5.487s] Level 1:colcon.colcon_core.package_identification:_identify(src) by extensions ['cmake', 'python']
[5.487s] Level 1:colcon.colcon_core.package_identification:_identify(src) by extension 'cmake'
[5.487s] Level 1:colcon.colcon_core.package_identification:_identify(src) by extension 'python'
[5.487s] Level 1:colcon.colcon_core.package_identification:_identify(src) by extensions ['python_setup_py']
[5.487s] Level 1:colcon.colcon_core.package_identification:_identify(src) by extension 'python_setup_py'
[5.487s] Level 1:colcon.colcon_core.package_identification:_identify(src/interface) by extensions ['ignore', 'ignore_ament_install']
[5.488s] Level 1:colcon.colcon_core.package_identification:_identify(src/interface) by extension 'ignore'
[5.488s] Level 1:colcon.colcon_core.package_identification:_identify(src/interface) by extension 'ignore_ament_install'
[5.488s] Level 1:colcon.colcon_core.package_identification:_identify(src/interface) by extensions ['colcon_pkg']
[5.488s] Level 1:colcon.colcon_core.package_identification:_identify(src/interface) by extension 'colcon_pkg'
[5.488s] Level 1:colcon.colcon_core.package_identification:_identify(src/interface) by extensions ['colcon_meta']
[5.488s] Level 1:colcon.colcon_core.package_identification:_identify(src/interface) by extension 'colcon_meta'
[5.488s] Level 1:colcon.colcon_core.package_identification:_identify(src/interface) by extensions ['ros']
[5.488s] Level 1:colcon.colcon_core.package_identification:_identify(src/interface) by extension 'ros'
[5.509s] DEBUG:colcon.colcon_core.package_identification:Package 'src/interface' with type 'ros.ament_cmake' and name 'interface'
[5.509s] Level 1:colcon.colcon_core.package_identification:_identify(src/pubsub) by extensions ['ignore', 'ignore_ament_install']
[5.510s] Level 1:colcon.colcon_core.package_identification:_identify(src/pubsub) by extension 'ignore'
[5.510s] Level 1:colcon.colcon_core.package_identification:_identify(src/pubsub) by extension 'ignore_ament_install'
[5.510s] Level 1:colcon.colcon_core.package_identification:_identify(src/pubsub) by extensions ['colcon_pkg']
[5.510s] Level 1:colcon.colcon_core.package_identification:_identify(src/pubsub) by extension 'colcon_pkg'
[5.510s] Level 1:colcon.colcon_core.package_identification:_identify(src/pubsub) by extensions ['colcon_meta']
[5.510s] Level 1:colcon.colcon_core.package_identification:_identify(src/pubsub) by extension 'colcon_meta'
[5.510s] Level 1:colcon.colcon_core.package_identification:_identify(src/pubsub) by extensions ['ros']
[5.511s] Level 1:colcon.colcon_core.package_identification:_identify(src/pubsub) by extension 'ros'
[5.513s] DEBUG:colcon.colcon_core.package_identification:Package 'src/pubsub' with type 'ros.ament_python' and name 'pubsub'
[5.513s] Level 1:colcon.colcon_core.package_identification:_identify(src/servicios) by extensions ['ignore', 'ignore_ament_install']
[5.514s] Level 1:colcon.colcon_core.package_identification:_identify(src/servicios) by extension 'ignore'
[5.514s] Level 1:colcon.colcon_core.package_identification:_identify(src/servicios) by extension 'ignore_ament_install'
[5.514s] Level 1:colcon.colcon_core.package_identification:_identify(src/servicios) by extensions ['colcon_pkg']
[5.514s] Level 1:colcon.colcon_core.package_identification:_identify(src/servicios) by extension 'colcon_pkg'
[5.514s] Level 1:colcon.colcon_core.package_identification:_identify(src/servicios) by extensions ['colcon_meta']
[5.514s] Level 1:colcon.colcon_core.package_identification:_identify(src/servicios) by extension 'colcon_meta'
[5.514s] Level 1:colcon.colcon_core.package_identification:_identify(src/servicios) by extensions ['ros']
[5.515s] Level 1:colcon.colcon_core.package_identification:_identify(src/servicios) by extension 'ros'
[5.516s] DEBUG:colcon.colcon_core.package_identification:Package 'src/servicios' with type 'ros.ament_python' and name 'servicios'
[5.516s] Level 1:colcon.colcon_core.package_discovery:discover_packages(recursive) using defaults
[5.516s] Level 1:colcon.colcon_core.package_discovery:discover_packages(ignore) discover
[5.516s] Level 1:colcon.colcon_core.package_discovery:discover_packages(ignore) using defaults
[5.516s] Level 1:colcon.colcon_core.package_discovery:discover_packages(path) discover
[5.516s] Level 1:colcon.colcon_core.package_discovery:discover_packages(path) using defaults
[5.684s] Level 1:colcon.colcon_core.package_discovery:discover_packages(prefix_path) check parameters
[5.684s] Level 1:colcon.colcon_core.package_discovery:discover_packages(prefix_path) discover
[5.708s] DEBUG:colcon.colcon_installed_package_information.package_discovery:Found 310 installed packages in /opt/ros/humble
[5.747s] Level 1:colcon.colcon_core.package_discovery:discover_packages(prefix_path) using defaults
[5.842s] Level 5:colcon.colcon_core.verb:set package 'interface' build argument 'cmake_args' from command line to 'None'
[5.842s] Level 5:colcon.colcon_core.verb:set package 'interface' build argument 'cmake_target' from command line to 'None'
[5.842s] Level 5:colcon.colcon_core.verb:set package 'interface' build argument 'cmake_target_skip_unavailable' from command line to 'False'
[5.842s] Level 5:colcon.colcon_core.verb:set package 'interface' build argument 'cmake_clean_cache' from command line to 'False'
[5.842s] Level 5:colcon.colcon_core.verb:set package 'interface' build argument 'cmake_clean_first' from command line to 'False'
[5.842s] Level 5:colcon.colcon_core.verb:set package 'interface' build argument 'cmake_force_configure' from command line to 'False'
[5.842s] Level 5:colcon.colcon_core.verb:set package 'interface' build argument 'ament_cmake_args' from command line to 'None'
[5.842s] Level 5:colcon.colcon_core.verb:set package 'interface' build argument 'catkin_cmake_args' from command line to 'None'
[5.843s] Level 5:colcon.colcon_core.verb:set package 'interface' build argument 'catkin_skip_building_tests' from command line to 'False'
[5.843s] DEBUG:colcon.colcon_core.verb:Building package 'interface' with the following arguments: {'ament_cmake_args': None, 'build_base': '/home/ignacio/examen1_ws/build/interface', 'catkin_cmake_args': None, 'catkin_skip_building_tests': False, 'cmake_args': None, 'cmake_clean_cache': False, 'cmake_clean_first': False, 'cmake_force_configure': False, 'cmake_target': None, 'cmake_target_skip_unavailable': False, 'install_base': '/home/ignacio/examen1_ws/install/interface', 'merge_install': False, 'path': '/home/ignacio/examen1_ws/src/interface', 'symlink_install': True, 'test_result_base': None}
[5.843s] Level 5:colcon.colcon_core.verb:set package 'pubsub' build argument 'cmake_args' from command line to 'None'
[5.843s] Level 5:colcon.colcon_core.verb:set package 'pubsub' build argument 'cmake_target' from command line to 'None'
[5.843s] Level 5:colcon.colcon_core.verb:set package 'pubsub' build argument 'cmake_target_skip_unavailable' from command line to 'False'
[5.843s] Level 5:colcon.colcon_core.verb:set package 'pubsub' build argument 'cmake_clean_cache' from command line to 'False'
[5.843s] Level 5:colcon.colcon_core.verb:set package 'pubsub' build argument 'cmake_clean_first' from command line to 'False'
[5.843s] Level 5:colcon.colcon_core.verb:set package 'pubsub' build argument 'cmake_force_configure' from command line to 'False'
[5.843s] Level 5:colcon.colcon_core.verb:set package 'pubsub' build argument 'ament_cmake_args' from command line to 'None'
[5.843s] Level 5:colcon.colcon_core.verb:set package 'pubsub' build argument 'catkin_cmake_args' from command line to 'None'
[5.844s] Level 5:colcon.colcon_core.verb:set package 'pubsub' build argument 'catkin_skip_building_tests' from command line to 'False'
[5.844s] DEBUG:colcon.colcon_core.verb:Building package 'pubsub' with the following arguments: {'ament_cmake_args': None, 'build_base': '/home/ignacio/examen1_ws/build/pubsub', 'catkin_cmake_args': None, 'catkin_skip_building_tests': False, 'cmake_args': None, 'cmake_clean_cache': False, 'cmake_clean_first': False, 'cmake_force_configure': False, 'cmake_target': None, 'cmake_target_skip_unavailable': False, 'install_base': '/home/ignacio/examen1_ws/install/pubsub', 'merge_install': False, 'path': '/home/ignacio/examen1_ws/src/pubsub', 'symlink_install': True, 'test_result_base': None}
[5.844s] Level 5:colcon.colcon_core.verb:set package 'servicios' build argument 'cmake_args' from command line to 'None'
[5.844s] Level 5:colcon.colcon_core.verb:set package 'servicios' build argument 'cmake_target' from command line to 'None'
[5.844s] Level 5:colcon.colcon_core.verb:set package 'servicios' build argument 'cmake_target_skip_unavailable' from command line to 'False'
[5.844s] Level 5:colcon.colcon_core.verb:set package 'servicios' build argument 'cmake_clean_cache' from command line to 'False'
[5.844s] Level 5:colcon.colcon_core.verb:set package 'servicios' build argument 'cmake_clean_first' from command line to 'False'
[5.844s] Level 5:colcon.colcon_core.verb:set package 'servicios' build argument 'cmake_force_configure' from command line to 'False'
[5.844s] Level 5:colcon.colcon_core.verb:set package 'servicios' build argument 'ament_cmake_args' from command line to 'None'
[5.844s] Level 5:colcon.colcon_core.verb:set package 'servicios' build argument 'catkin_cmake_args' from command line to 'None'
[5.844s] Level 5:colcon.colcon_core.verb:set package 'servicios' build argument 'catkin_skip_building_tests' from command line to 'False'
[5.844s] DEBUG:colcon.colcon_core.verb:Building package 'servicios' with the following arguments: {'ament_cmake_args': None, 'build_base': '/home/ignacio/examen1_ws/build/servicios', 'catkin_cmake_args': None, 'catkin_skip_building_tests': False, 'cmake_args': None, 'cmake_clean_cache': False, 'cmake_clean_first': False, 'cmake_force_configure': False, 'cmake_target': None, 'cmake_target_skip_unavailable': False, 'install_base': '/home/ignacio/examen1_ws/install/servicios', 'merge_install': False, 'path': '/home/ignacio/examen1_ws/src/servicios', 'symlink_install': True, 'test_result_base': None}
[5.845s] INFO:colcon.colcon_core.executor:Executing jobs using 'parallel' executor
[5.847s] DEBUG:colcon.colcon_parallel_executor.executor.parallel:run_until_complete
[5.848s] INFO:colcon.colcon_ros.task.ament_cmake.build:Building ROS package in '/home/ignacio/examen1_ws/src/interface' with build type 'ament_cmake'
[5.848s] INFO:colcon.colcon_cmake.task.cmake.build:Building CMake package in '/home/ignacio/examen1_ws/src/interface'
[5.854s] INFO:colcon.colcon_core.plugin_system:Skipping extension 'colcon_core.shell.bat': Not used on non-Windows systems
[5.854s] INFO:colcon.colcon_core.shell:Skip shell extension 'powershell' for command environment: Not usable outside of PowerShell
[5.854s] DEBUG:colcon.colcon_core.shell:Skip shell extension 'dsv' for command environment
[5.866s] INFO:colcon.colcon_ros.task.ament_python.build:Building ROS package in '/home/ignacio/examen1_ws/src/pubsub' with build type 'ament_python'
[5.867s] Level 1:colcon.colcon_core.shell:create_environment_hook('pubsub', 'ament_prefix_path')
[5.868s] INFO:colcon.colcon_core.shell:Creating environment hook '/home/ignacio/examen1_ws/install/pubsub/share/pubsub/hook/ament_prefix_path.ps1'
[5.887s] INFO:colcon.colcon_core.shell:Creating environment descriptor '/home/ignacio/examen1_ws/install/pubsub/share/pubsub/hook/ament_prefix_path.dsv'
[5.888s] INFO:colcon.colcon_core.shell:Creating environment hook '/home/ignacio/examen1_ws/install/pubsub/share/pubsub/hook/ament_prefix_path.sh'
[5.890s] INFO:colcon.colcon_core.shell:Skip shell extension 'powershell' for command environment: Not usable outside of PowerShell
[5.891s] DEBUG:colcon.colcon_core.shell:Skip shell extension 'dsv' for command environment
[5.896s] INFO:colcon.colcon_ros.task.ament_python.build:Building ROS package in '/home/ignacio/examen1_ws/src/servicios' with build type 'ament_python'
[5.897s] Level 1:colcon.colcon_core.shell:create_environment_hook('servicios', 'ament_prefix_path')
[5.898s] INFO:colcon.colcon_core.shell:Creating environment hook '/home/ignacio/examen1_ws/install/servicios/share/servicios/hook/ament_prefix_path.ps1'
[5.899s] INFO:colcon.colcon_core.shell:Creating environment descriptor '/home/ignacio/examen1_ws/install/servicios/share/servicios/hook/ament_prefix_path.dsv'
[5.899s] INFO:colcon.colcon_core.shell:Creating environment hook '/home/ignacio/examen1_ws/install/servicios/share/servicios/hook/ament_prefix_path.sh'
[5.901s] INFO:colcon.colcon_core.shell:Skip shell extension 'powershell' for command environment: Not usable outside of PowerShell
[5.901s] DEBUG:colcon.colcon_core.shell:Skip shell extension 'dsv' for command environment
[5.970s] DEBUG:colcon.colcon_core.event_handler.log_command:Invoking command in '/home/ignacio/examen1_ws/build/interface': CMAKE_PREFIX_PATH=/opt/ros/humble /usr/bin/cmake --build /home/ignacio/examen1_ws/build/interface -- -j4 -l4
[6.737s] INFO:colcon.colcon_core.task.python.build:Building Python package in '/home/ignacio/examen1_ws/src/pubsub'
[6.739s] INFO:colcon.colcon_core.shell:Skip shell extension 'powershell' for command environment: Not usable outside of PowerShell
[6.742s] DEBUG:colcon.colcon_core.shell:Skip shell extension 'dsv' for command environment
[7.352s] INFO:colcon.colcon_core.task.python.build:Building Python package in '/home/ignacio/examen1_ws/src/servicios'
[7.352s] INFO:colcon.colcon_core.shell:Skip shell extension 'powershell' for command environment: Not usable outside of PowerShell
[7.352s] DEBUG:colcon.colcon_core.shell:Skip shell extension 'dsv' for command environment
[7.432s] DEBUG:colcon.colcon_core.event_handler.log_command:Invoked command in '/home/ignacio/examen1_ws/build/interface' returned '0': CMAKE_PREFIX_PATH=/opt/ros/humble /usr/bin/cmake --build /home/ignacio/examen1_ws/build/interface -- -j4 -l4
[7.458s] DEBUG:colcon.colcon_core.event_handler.log_command:Invoking command in '/home/ignacio/examen1_ws/build/interface': CMAKE_PREFIX_PATH=/opt/ros/humble /usr/bin/cmake --install /home/ignacio/examen1_ws/build/interface
[7.855s] Level 1:colcon.colcon_core.environment:create_environment_scripts_only(interface)
[7.856s] DEBUG:colcon.colcon_core.event_handler.log_command:Invoked command in '/home/ignacio/examen1_ws/build/interface' returned '0': CMAKE_PREFIX_PATH=/opt/ros/humble /usr/bin/cmake --install /home/ignacio/examen1_ws/build/interface
[7.911s] Level 1:colcon.colcon_core.environment:checking '/home/ignacio/examen1_ws/install/interface' for CMake module files
[7.913s] Level 1:colcon.colcon_core.environment:checking '/home/ignacio/examen1_ws/install/interface' for CMake config files
[7.919s] Level 1:colcon.colcon_core.shell:create_environment_hook('interface', 'cmake_prefix_path')
[7.920s] INFO:colcon.colcon_core.shell:Creating environment hook '/home/ignacio/examen1_ws/install/interface/share/interface/hook/cmake_prefix_path.ps1'
[7.921s] INFO:colcon.colcon_core.shell:Creating environment descriptor '/home/ignacio/examen1_ws/install/interface/share/interface/hook/cmake_prefix_path.dsv'
[7.922s] INFO:colcon.colcon_core.shell:Creating environment hook '/home/ignacio/examen1_ws/install/interface/share/interface/hook/cmake_prefix_path.sh'
[7.923s] Level 1:colcon.colcon_core.environment:checking '/home/ignacio/examen1_ws/install/interface/lib'
[7.924s] Level 1:colcon.colcon_core.shell:create_environment_hook('interface', 'ld_library_path_lib')
[7.924s] INFO:colcon.colcon_core.shell:Creating environment hook '/home/ignacio/examen1_ws/install/interface/share/interface/hook/ld_library_path_lib.ps1'
[7.925s] INFO:colcon.colcon_core.shell:Creating environment descriptor '/home/ignacio/examen1_ws/install/interface/share/interface/hook/ld_library_path_lib.dsv'
[7.927s] INFO:colcon.colcon_core.shell:Creating environment hook '/home/ignacio/examen1_ws/install/interface/share/interface/hook/ld_library_path_lib.sh'
[7.928s] Level 1:colcon.colcon_core.environment:checking '/home/ignacio/examen1_ws/install/interface/bin'
[7.929s] Level 1:colcon.colcon_core.environment:checking '/home/ignacio/examen1_ws/install/interface/lib/pkgconfig/interface.pc'
[7.930s] Level 1:colcon.colcon_core.environment:checking '/home/ignacio/examen1_ws/install/interface/lib/python3.10/site-packages'
[7.931s] Level 1:colcon.colcon_core.environment:checking '/home/ignacio/examen1_ws/install/interface/bin'
[7.932s] INFO:colcon.colcon_core.shell:Creating package script '/home/ignacio/examen1_ws/install/interface/share/interface/package.ps1'
[7.938s] INFO:colcon.colcon_core.shell:Creating package descriptor '/home/ignacio/examen1_ws/install/interface/share/interface/package.dsv'
[7.940s] INFO:colcon.colcon_core.shell:Creating package script '/home/ignacio/examen1_ws/install/interface/share/interface/package.sh'
[7.943s] INFO:colcon.colcon_core.shell:Creating package script '/home/ignacio/examen1_ws/install/interface/share/interface/package.bash'
[7.945s] INFO:colcon.colcon_core.shell:Creating package script '/home/ignacio/examen1_ws/install/interface/share/interface/package.zsh'
[7.947s] Level 1:colcon.colcon_core.environment:create_file_with_runtime_dependencies(/home/ignacio/examen1_ws/install/interface/share/colcon-core/packages/interface)
[7.948s] Level 1:colcon.colcon_core.environment:create_environment_scripts_only(interface)
[7.949s] Level 1:colcon.colcon_core.environment:checking '/home/ignacio/examen1_ws/install/interface' for CMake module files
[7.950s] Level 1:colcon.colcon_core.environment:checking '/home/ignacio/examen1_ws/install/interface' for CMake config files
[7.952s] Level 1:colcon.colcon_core.shell:create_environment_hook('interface', 'cmake_prefix_path')
[7.953s] INFO:colcon.colcon_core.shell:Creating environment hook '/home/ignacio/examen1_ws/install/interface/share/interface/hook/cmake_prefix_path.ps1'
[7.954s] INFO:colcon.colcon_core.shell:Creating environment descriptor '/home/ignacio/examen1_ws/install/interface/share/interface/hook/cmake_prefix_path.dsv'
[7.955s] INFO:colcon.colcon_core.shell:Creating environment hook '/home/ignacio/examen1_ws/install/interface/share/interface/hook/cmake_prefix_path.sh'
[7.957s] Level 1:colcon.colcon_core.environment:checking '/home/ignacio/examen1_ws/install/interface/lib'
[7.957s] Level 1:colcon.colcon_core.shell:create_environment_hook('interface', 'ld_library_path_lib')
[7.958s] INFO:colcon.colcon_core.shell:Creating environment hook '/home/ignacio/examen1_ws/install/interface/share/interface/hook/ld_library_path_lib.ps1'
[7.959s] INFO:colcon.colcon_core.shell:Creating environment descriptor '/home/ignacio/examen1_ws/install/interface/share/interface/hook/ld_library_path_lib.dsv'
[7.960s] INFO:colcon.colcon_core.shell:Creating environment hook '/home/ignacio/examen1_ws/install/interface/share/interface/hook/ld_library_path_lib.sh'
[7.961s] Level 1:colcon.colcon_core.environment:checking '/home/ignacio/examen1_ws/install/interface/bin'
[7.961s] Level 1:colcon.colcon_core.environment:checking '/home/ignacio/examen1_ws/install/interface/lib/pkgconfig/interface.pc'
[7.962s] Level 1:colcon.colcon_core.environment:checking '/home/ignacio/examen1_ws/install/interface/lib/python3.10/site-packages'
[7.962s] Level 1:colcon.colcon_core.environment:checking '/home/ignacio/examen1_ws/install/interface/bin'
[7.963s] INFO:colcon.colcon_core.shell:Creating package script '/home/ignacio/examen1_ws/install/interface/share/interface/package.ps1'
[7.964s] INFO:colcon.colcon_core.shell:Creating package descriptor '/home/ignacio/examen1_ws/install/interface/share/interface/package.dsv'
[7.966s] INFO:colcon.colcon_core.shell:Creating package script '/home/ignacio/examen1_ws/install/interface/share/interface/package.sh'
[7.967s] INFO:colcon.colcon_core.shell:Creating package script '/home/ignacio/examen1_ws/install/interface/share/interface/package.bash'
[7.968s] INFO:colcon.colcon_core.shell:Creating package script '/home/ignacio/examen1_ws/install/interface/share/interface/package.zsh'
[7.970s] Level 1:colcon.colcon_core.environment:create_file_with_runtime_dependencies(/home/ignacio/examen1_ws/install/interface/share/colcon-core/packages/interface)
[8.501s] DEBUG:colcon.colcon_core.event_handler.log_command:Invoking command in '/home/ignacio/examen1_ws/build/servicios': PYTHONPATH=/home/ignacio/examen1_ws/build/servicios/prefix_override:/usr/lib/python3/dist-packages/colcon_core/task/python/colcon_distutils_commands:/home/ignacio/examen1_ws/install/servicios/lib/python3.10/site-packages:${PYTHONPATH} /usr/bin/python3 -W ignore:setup.py install is deprecated -W ignore:easy_install command is deprecated setup.py develop --editable --build-directory /home/ignacio/examen1_ws/build/servicios/build --no-deps symlink_data
[8.506s] DEBUG:colcon.colcon_core.event_handler.log_command:Invoking command in '/home/ignacio/examen1_ws/build/pubsub': PYTHONPATH=/home/ignacio/examen1_ws/build/pubsub/prefix_override:/usr/lib/python3/dist-packages/colcon_core/task/python/colcon_distutils_commands:/home/ignacio/examen1_ws/install/pubsub/lib/python3.10/site-packages:${PYTHONPATH} /usr/bin/python3 -W ignore:setup.py install is deprecated -W ignore:easy_install command is deprecated setup.py develop --editable --build-directory /home/ignacio/examen1_ws/build/pubsub/build --no-deps symlink_data
[9.527s] Level 1:colcon.colcon_core.shell:create_environment_hook('pubsub', 'pythonpath_develop')
[9.528s] INFO:colcon.colcon_core.shell:Creating environment hook '/home/ignacio/examen1_ws/build/pubsub/share/pubsub/hook/pythonpath_develop.ps1'
[9.530s] DEBUG:colcon.colcon_core.event_handler.log_command:Invoked command in '/home/ignacio/examen1_ws/build/pubsub' returned '0': PYTHONPATH=/home/ignacio/examen1_ws/build/pubsub/prefix_override:/usr/lib/python3/dist-packages/colcon_core/task/python/colcon_distutils_commands:/home/ignacio/examen1_ws/install/pubsub/lib/python3.10/site-packages:${PYTHONPATH} /usr/bin/python3 -W ignore:setup.py install is deprecated -W ignore:easy_install command is deprecated setup.py develop --editable --build-directory /home/ignacio/examen1_ws/build/pubsub/build --no-deps symlink_data
[9.533s] INFO:colcon.colcon_core.shell:Creating environment descriptor '/home/ignacio/examen1_ws/build/pubsub/share/pubsub/hook/pythonpath_develop.dsv'
[9.536s] INFO:colcon.colcon_core.shell:Creating environment hook '/home/ignacio/examen1_ws/build/pubsub/share/pubsub/hook/pythonpath_develop.sh'
[9.538s] Level 1:colcon.colcon_core.environment:checking '/home/ignacio/examen1_ws/install/pubsub' for CMake module files
[9.540s] Level 1:colcon.colcon_core.environment:checking '/home/ignacio/examen1_ws/install/pubsub' for CMake config files
[9.543s] Level 1:colcon.colcon_core.environment:checking '/home/ignacio/examen1_ws/install/pubsub/lib'
[9.544s] Level 1:colcon.colcon_core.environment:checking '/home/ignacio/examen1_ws/install/pubsub/bin'
[9.544s] Level 1:colcon.colcon_core.environment:checking '/home/ignacio/examen1_ws/install/pubsub/lib/pkgconfig/pubsub.pc'
[9.544s] Level 1:colcon.colcon_core.environment:checking '/home/ignacio/examen1_ws/install/pubsub/lib/python3.10/site-packages'
[9.544s] Level 1:colcon.colcon_core.shell:create_environment_hook('pubsub', 'pythonpath')
[9.545s] INFO:colcon.colcon_core.shell:Creating environment hook '/home/ignacio/examen1_ws/install/pubsub/share/pubsub/hook/pythonpath.ps1'
[9.546s] INFO:colcon.colcon_core.shell:Creating environment descriptor '/home/ignacio/examen1_ws/install/pubsub/share/pubsub/hook/pythonpath.dsv'
[9.547s] INFO:colcon.colcon_core.shell:Creating environment hook '/home/ignacio/examen1_ws/install/pubsub/share/pubsub/hook/pythonpath.sh'
[9.548s] Level 1:colcon.colcon_core.environment:checking '/home/ignacio/examen1_ws/install/pubsub/bin'
[9.548s] Level 1:colcon.colcon_core.environment:create_environment_scripts_only(pubsub)
[9.549s] INFO:colcon.colcon_core.shell:Creating package script '/home/ignacio/examen1_ws/install/pubsub/share/pubsub/package.ps1'
[9.550s] INFO:colcon.colcon_core.shell:Creating package descriptor '/home/ignacio/examen1_ws/install/pubsub/share/pubsub/package.dsv'
[9.552s] INFO:colcon.colcon_core.shell:Creating package script '/home/ignacio/examen1_ws/install/pubsub/share/pubsub/package.sh'
[9.553s] INFO:colcon.colcon_core.shell:Creating package script '/home/ignacio/examen1_ws/install/pubsub/share/pubsub/package.bash'
[9.555s] INFO:colcon.colcon_core.shell:Creating package script '/home/ignacio/examen1_ws/install/pubsub/share/pubsub/package.zsh'
[9.555s] Level 1:colcon.colcon_core.environment:create_file_with_runtime_dependencies(/home/ignacio/examen1_ws/install/pubsub/share/colcon-core/packages/pubsub)
[9.572s] Level 1:colcon.colcon_core.shell:create_environment_hook('servicios', 'pythonpath_develop')
[9.572s] INFO:colcon.colcon_core.shell:Creating environment hook '/home/ignacio/examen1_ws/build/servicios/share/servicios/hook/pythonpath_develop.ps1'
[9.573s] DEBUG:colcon.colcon_core.event_handler.log_command:Invoked command in '/home/ignacio/examen1_ws/build/servicios' returned '0': PYTHONPATH=/home/ignacio/examen1_ws/build/servicios/prefix_override:/usr/lib/python3/dist-packages/colcon_core/task/python/colcon_distutils_commands:/home/ignacio/examen1_ws/install/servicios/lib/python3.10/site-packages:${PYTHONPATH} /usr/bin/python3 -W ignore:setup.py install is deprecated -W ignore:easy_install command is deprecated setup.py develop --editable --build-directory /home/ignacio/examen1_ws/build/servicios/build --no-deps symlink_data
[9.574s] INFO:colcon.colcon_core.shell:Creating environment descriptor '/home/ignacio/examen1_ws/build/servicios/share/servicios/hook/pythonpath_develop.dsv'
[9.575s] INFO:colcon.colcon_core.shell:Creating environment hook '/home/ignacio/examen1_ws/build/servicios/share/servicios/hook/pythonpath_develop.sh'
[9.576s] Level 1:colcon.colcon_core.environment:checking '/home/ignacio/examen1_ws/install/servicios' for CMake module files
[9.577s] Level 1:colcon.colcon_core.environment:checking '/home/ignacio/examen1_ws/install/servicios' for CMake config files
[9.580s] Level 1:colcon.colcon_core.environment:checking '/home/ignacio/examen1_ws/install/servicios/lib'
[9.580s] Level 1:colcon.colcon_core.environment:checking '/home/ignacio/examen1_ws/install/servicios/bin'
[9.580s] Level 1:colcon.colcon_core.environment:checking '/home/ignacio/examen1_ws/install/servicios/lib/pkgconfig/servicios.pc'
[9.581s] Level 1:colcon.colcon_core.environment:checking '/home/ignacio/examen1_ws/install/servicios/lib/python3.10/site-packages'
[9.581s] Level 1:colcon.colcon_core.shell:create_environment_hook('servicios', 'pythonpath')
[9.582s] INFO:colcon.colcon_core.shell:Creating environment hook '/home/ignacio/examen1_ws/install/servicios/share/servicios/hook/pythonpath.ps1'
[9.583s] INFO:colcon.colcon_core.shell:Creating environment descriptor '/home/ignacio/examen1_ws/install/servicios/share/servicios/hook/pythonpath.dsv'
[9.584s] INFO:colcon.colcon_core.shell:Creating environment hook '/home/ignacio/examen1_ws/install/servicios/share/servicios/hook/pythonpath.sh'
[9.585s] Level 1:colcon.colcon_core.environment:checking '/home/ignacio/examen1_ws/install/servicios/bin'
[9.586s] Level 1:colcon.colcon_core.environment:create_environment_scripts_only(servicios)
[9.587s] INFO:colcon.colcon_core.shell:Creating package script '/home/ignacio/examen1_ws/install/servicios/share/servicios/package.ps1'
[9.589s] INFO:colcon.colcon_core.shell:Creating package descriptor '/home/ignacio/examen1_ws/install/servicios/share/servicios/package.dsv'
[9.590s] INFO:colcon.colcon_core.shell:Creating package script '/home/ignacio/examen1_ws/install/servicios/share/servicios/package.sh'
[9.591s] INFO:colcon.colcon_core.shell:Creating package script '/home/ignacio/examen1_ws/install/servicios/share/servicios/package.bash'
[9.592s] INFO:colcon.colcon_core.shell:Creating package script '/home/ignacio/examen1_ws/install/servicios/share/servicios/package.zsh'
[9.594s] Level 1:colcon.colcon_core.environment:create_file_with_runtime_dependencies(/home/ignacio/examen1_ws/install/servicios/share/colcon-core/packages/servicios)
[9.594s] DEBUG:colcon.colcon_parallel_executor.executor.parallel:closing loop
[9.595s] DEBUG:colcon.colcon_parallel_executor.executor.parallel:loop closed
[9.596s] DEBUG:colcon.colcon_parallel_executor.executor.parallel:run_until_complete finished with '0'
[9.596s] DEBUG:colcon.colcon_core.event_reactor:joining thread
[9.609s] INFO:colcon.colcon_core.plugin_system:Skipping extension 'colcon_notification.desktop_notification.terminal_notifier': Not used on non-Darwin systems
[9.609s] INFO:colcon.colcon_core.plugin_system:Skipping extension 'colcon_notification.desktop_notification.win32': Not used on non-Windows systems
[9.609s] INFO:colcon.colcon_notification.desktop_notification:Sending desktop notification using 'notify2'
[9.654s] DEBUG:colcon.colcon_core.event_reactor:joined thread
[9.655s] INFO:colcon.colcon_core.shell:Creating prefix script '/home/ignacio/examen1_ws/install/local_setup.ps1'
[9.658s] INFO:colcon.colcon_core.shell:Creating prefix util module '/home/ignacio/examen1_ws/install/_local_setup_util_ps1.py'
[9.697s] INFO:colcon.colcon_core.shell:Creating prefix chain script '/home/ignacio/examen1_ws/install/setup.ps1'
[9.700s] INFO:colcon.colcon_core.shell:Creating prefix script '/home/ignacio/examen1_ws/install/local_setup.sh'
[9.703s] INFO:colcon.colcon_core.shell:Creating prefix util module '/home/ignacio/examen1_ws/install/_local_setup_util_sh.py'
[9.704s] INFO:colcon.colcon_core.shell:Creating prefix chain script '/home/ignacio/examen1_ws/install/setup.sh'
[9.706s] INFO:colcon.colcon_core.shell:Creating prefix script '/home/ignacio/examen1_ws/install/local_setup.bash'
[9.707s] INFO:colcon.colcon_core.shell:Creating prefix chain script '/home/ignacio/examen1_ws/install/setup.bash'
[9.708s] INFO:colcon.colcon_core.shell:Creating prefix script '/home/ignacio/examen1_ws/install/local_setup.zsh'
[9.710s] INFO:colcon.colcon_core.shell:Creating prefix chain script '/home/ignacio/examen1_ws/install/setup.zsh'
