[2.637s] Invoking command in '/home/ignacio/examen1_ws/build/pubsub': PYTHONPATH=/home/ignacio/examen1_ws/build/pubsub/prefix_override:/usr/lib/python3/dist-packages/colcon_core/task/python/colcon_distutils_commands:/home/ignacio/examen1_ws/install/pubsub/lib/python3.10/site-packages:${PYTHONPATH} /usr/bin/python3 -W ignore:setup.py install is deprecated -W ignore:easy_install command is deprecated setup.py develop --editable --build-directory /home/ignacio/examen1_ws/build/pubsub/build --no-deps symlink_data
[3.197s] running develop
[3.533s] running egg_info
[3.534s] writing pubsub.egg-info/PKG-INFO
[3.534s] writing dependency_links to pubsub.egg-info/dependency_links.txt
[3.535s] writing entry points to pubsub.egg-info/entry_points.txt
[3.535s] writing requirements to pubsub.egg-info/requires.txt
[3.535s] writing top-level names to pubsub.egg-info/top_level.txt
[3.539s] reading manifest file 'pubsub.egg-info/SOURCES.txt'
[3.540s] writing manifest file 'pubsub.egg-info/SOURCES.txt'
[3.543s] running build_ext
[3.543s] Creating /home/ignacio/examen1_ws/install/pubsub/lib/python3.10/site-packages/pubsub.egg-link (link to .)
[3.546s] Installing filtro script to /home/ignacio/examen1_ws/install/pubsub/lib/pubsub
[3.546s] Installing leer script to /home/ignacio/examen1_ws/install/pubsub/lib/pubsub
[3.546s] Installing pub script to /home/ignacio/examen1_ws/install/pubsub/lib/pubsub
[3.546s] Installing sensores script to /home/ignacio/examen1_ws/install/pubsub/lib/pubsub
[3.547s] Installing sub script to /home/ignacio/examen1_ws/install/pubsub/lib/pubsub
[3.547s] 
[3.547s] Installed /home/ignacio/examen1_ws/build/pubsub
[3.547s] running symlink_data
[3.661s] Invoked command in '/home/ignacio/examen1_ws/build/pubsub' returned '0': PYTHONPATH=/home/ignacio/examen1_ws/build/pubsub/prefix_override:/usr/lib/python3/dist-packages/colcon_core/task/python/colcon_distutils_commands:/home/ignacio/examen1_ws/install/pubsub/lib/python3.10/site-packages:${PYTHONPATH} /usr/bin/python3 -W ignore:setup.py install is deprecated -W ignore:easy_install command is deprecated setup.py develop --editable --build-directory /home/ignacio/examen1_ws/build/pubsub/build --no-deps symlink_data
